[ 2018-04-26 22:37:44,355][cascade_classifier.fit_transform] X_groups_train.shape=[(4761, 21)],y_train.shape=(4761,),X_groups_test.shape=[(2041, 21)],y_test.shape=(2041,)
[ 2018-04-26 22:37:44,356][cascade_classifier.fit_transform] group_dims=[21]
[ 2018-04-26 22:37:44,358][cascade_classifier.fit_transform] group_starts=[0]
[ 2018-04-26 22:37:44,358][cascade_classifier.fit_transform] group_ends=[21]
[ 2018-04-26 22:37:44,359][cascade_classifier.fit_transform] X_train.shape=(4761, 21),X_test.shape=(2041, 21)
[ 2018-04-26 22:37:44,360][cascade_classifier.fit_transform] [layer=0] look_indexs=[0], X_cur_train.shape=(4761, 21), X_cur_test.shape=(2041, 21)
[ 2018-04-26 22:37:45,151][kfold_wrapper.log_eval_metrics] Accuracy(layer_0 - estimator_0 - 10_folds.train_0.predict)=99.16%
[ 2018-04-26 22:37:46,365][kfold_wrapper.log_eval_metrics] Accuracy(layer_0 - estimator_0 - 10_folds.train_1.predict)=100.00%
[ 2018-04-26 22:37:47,462][kfold_wrapper.log_eval_metrics] Accuracy(layer_0 - estimator_0 - 10_folds.train_2.predict)=99.37%
[ 2018-04-26 22:37:48,563][kfold_wrapper.log_eval_metrics] Accuracy(layer_0 - estimator_0 - 10_folds.train_3.predict)=99.58%
[ 2018-04-26 22:37:49,694][kfold_wrapper.log_eval_metrics] Accuracy(layer_0 - estimator_0 - 10_folds.train_4.predict)=99.16%
[ 2018-04-26 22:37:50,768][kfold_wrapper.log_eval_metrics] Accuracy(layer_0 - estimator_0 - 10_folds.train_5.predict)=99.79%
[ 2018-04-26 22:37:51,811][kfold_wrapper.log_eval_metrics] Accuracy(layer_0 - estimator_0 - 10_folds.train_6.predict)=98.95%
[ 2018-04-26 22:37:52,969][kfold_wrapper.log_eval_metrics] Accuracy(layer_0 - estimator_0 - 10_folds.train_7.predict)=99.37%
[ 2018-04-26 22:37:54,140][kfold_wrapper.log_eval_metrics] Accuracy(layer_0 - estimator_0 - 10_folds.train_8.predict)=98.95%
[ 2018-04-26 22:37:55,234][kfold_wrapper.log_eval_metrics] Accuracy(layer_0 - estimator_0 - 10_folds.train_9.predict)=99.16%
[ 2018-04-26 22:37:55,475][kfold_wrapper.log_eval_metrics] Accuracy(layer_0 - estimator_0 - 10_folds.train_cv.predict)=99.35%
[ 2018-04-26 22:37:55,477][kfold_wrapper.log_eval_metrics] Accuracy(layer_0 - estimator_0 - 10_folds.test.predict)=99.56%
[ 2018-04-26 22:37:56,164][kfold_wrapper.log_eval_metrics] Accuracy(layer_0 - estimator_1 - 10_folds.train_0.predict)=98.74%
[ 2018-04-26 22:37:57,074][kfold_wrapper.log_eval_metrics] Accuracy(layer_0 - estimator_1 - 10_folds.train_1.predict)=99.16%
[ 2018-04-26 22:37:58,007][kfold_wrapper.log_eval_metrics] Accuracy(layer_0 - estimator_1 - 10_folds.train_2.predict)=98.53%
[ 2018-04-26 22:37:59,091][kfold_wrapper.log_eval_metrics] Accuracy(layer_0 - estimator_1 - 10_folds.train_3.predict)=98.74%
[ 2018-04-26 22:38:00,152][kfold_wrapper.log_eval_metrics] Accuracy(layer_0 - estimator_1 - 10_folds.train_4.predict)=99.16%
[ 2018-04-26 22:38:01,142][kfold_wrapper.log_eval_metrics] Accuracy(layer_0 - estimator_1 - 10_folds.train_5.predict)=98.74%
[ 2018-04-26 22:38:02,095][kfold_wrapper.log_eval_metrics] Accuracy(layer_0 - estimator_1 - 10_folds.train_6.predict)=98.74%
[ 2018-04-26 22:38:03,130][kfold_wrapper.log_eval_metrics] Accuracy(layer_0 - estimator_1 - 10_folds.train_7.predict)=98.74%
[ 2018-04-26 22:38:04,134][kfold_wrapper.log_eval_metrics] Accuracy(layer_0 - estimator_1 - 10_folds.train_8.predict)=98.53%
[ 2018-04-26 22:38:05,046][kfold_wrapper.log_eval_metrics] Accuracy(layer_0 - estimator_1 - 10_folds.train_9.predict)=99.58%
[ 2018-04-26 22:38:05,273][kfold_wrapper.log_eval_metrics] Accuracy(layer_0 - estimator_1 - 10_folds.train_cv.predict)=98.87%
[ 2018-04-26 22:38:05,274][kfold_wrapper.log_eval_metrics] Accuracy(layer_0 - estimator_1 - 10_folds.test.predict)=98.97%
[ 2018-04-26 22:38:05,357][kfold_wrapper.log_eval_metrics] Accuracy(layer_0 - estimator_2 - 10_folds.train_0.predict)=97.90%
[ 2018-04-26 22:38:05,407][kfold_wrapper.log_eval_metrics] Accuracy(layer_0 - estimator_2 - 10_folds.train_1.predict)=97.90%
[ 2018-04-26 22:38:05,466][kfold_wrapper.log_eval_metrics] Accuracy(layer_0 - estimator_2 - 10_folds.train_2.predict)=97.90%
[ 2018-04-26 22:38:05,500][kfold_wrapper.log_eval_metrics] Accuracy(layer_0 - estimator_2 - 10_folds.train_3.predict)=97.90%
[ 2018-04-26 22:38:05,522][kfold_wrapper.log_eval_metrics] Accuracy(layer_0 - estimator_2 - 10_folds.train_4.predict)=97.90%
[ 2018-04-26 22:38:05,539][kfold_wrapper.log_eval_metrics] Accuracy(layer_0 - estimator_2 - 10_folds.train_5.predict)=97.90%
[ 2018-04-26 22:38:05,558][kfold_wrapper.log_eval_metrics] Accuracy(layer_0 - estimator_2 - 10_folds.train_6.predict)=97.90%
[ 2018-04-26 22:38:05,573][kfold_wrapper.log_eval_metrics] Accuracy(layer_0 - estimator_2 - 10_folds.train_7.predict)=98.11%
[ 2018-04-26 22:38:05,588][kfold_wrapper.log_eval_metrics] Accuracy(layer_0 - estimator_2 - 10_folds.train_8.predict)=98.11%
[ 2018-04-26 22:38:05,602][kfold_wrapper.log_eval_metrics] Accuracy(layer_0 - estimator_2 - 10_folds.train_9.predict)=98.11%
[ 2018-04-26 22:38:05,604][kfold_wrapper.log_eval_metrics] Accuracy(layer_0 - estimator_2 - 10_folds.train_cv.predict)=97.96%
[ 2018-04-26 22:38:05,606][kfold_wrapper.log_eval_metrics] Accuracy(layer_0 - estimator_2 - 10_folds.test.predict)=98.09%
[ 2018-04-26 22:38:05,610][cascade_classifier.calc_accuracy] Accuracy(layer_0 - train.classifier_average)=98.51%
[ 2018-04-26 22:38:05,611][cascade_classifier.calc_accuracy] Accuracy(layer_0 - test.classifier_average)=98.38%
[ 2018-04-26 22:38:05,613][cascade_classifier.fit_transform] [layer=1] look_indexs=[0], X_cur_train.shape=(4761, 27), X_cur_test.shape=(2041, 27)
[ 2018-04-26 22:38:06,413][kfold_wrapper.log_eval_metrics] Accuracy(layer_1 - estimator_0 - 10_folds.train_0.predict)=99.79%
[ 2018-04-26 22:38:07,487][kfold_wrapper.log_eval_metrics] Accuracy(layer_1 - estimator_0 - 10_folds.train_1.predict)=99.58%
[ 2018-04-26 22:38:08,640][kfold_wrapper.log_eval_metrics] Accuracy(layer_1 - estimator_0 - 10_folds.train_2.predict)=99.79%
[ 2018-04-26 22:38:09,701][kfold_wrapper.log_eval_metrics] Accuracy(layer_1 - estimator_0 - 10_folds.train_3.predict)=99.37%
[ 2018-04-26 22:38:10,792][kfold_wrapper.log_eval_metrics] Accuracy(layer_1 - estimator_0 - 10_folds.train_4.predict)=99.79%
[ 2018-04-26 22:38:11,897][kfold_wrapper.log_eval_metrics] Accuracy(layer_1 - estimator_0 - 10_folds.train_5.predict)=99.79%
[ 2018-04-26 22:38:13,089][kfold_wrapper.log_eval_metrics] Accuracy(layer_1 - estimator_0 - 10_folds.train_6.predict)=99.37%
[ 2018-04-26 22:38:14,192][kfold_wrapper.log_eval_metrics] Accuracy(layer_1 - estimator_0 - 10_folds.train_7.predict)=98.74%
[ 2018-04-26 22:38:15,268][kfold_wrapper.log_eval_metrics] Accuracy(layer_1 - estimator_0 - 10_folds.train_8.predict)=99.79%
[ 2018-04-26 22:38:16,345][kfold_wrapper.log_eval_metrics] Accuracy(layer_1 - estimator_0 - 10_folds.train_9.predict)=99.37%
[ 2018-04-26 22:38:16,594][kfold_wrapper.log_eval_metrics] Accuracy(layer_1 - estimator_0 - 10_folds.train_cv.predict)=99.54%
[ 2018-04-26 22:38:16,596][kfold_wrapper.log_eval_metrics] Accuracy(layer_1 - estimator_0 - 10_folds.test.predict)=99.46%
[ 2018-04-26 22:38:17,458][kfold_wrapper.log_eval_metrics] Accuracy(layer_1 - estimator_1 - 10_folds.train_0.predict)=99.58%
[ 2018-04-26 22:38:18,499][kfold_wrapper.log_eval_metrics] Accuracy(layer_1 - estimator_1 - 10_folds.train_1.predict)=99.16%
[ 2018-04-26 22:38:19,585][kfold_wrapper.log_eval_metrics] Accuracy(layer_1 - estimator_1 - 10_folds.train_2.predict)=99.37%
[ 2018-04-26 22:38:20,763][kfold_wrapper.log_eval_metrics] Accuracy(layer_1 - estimator_1 - 10_folds.train_3.predict)=100.00%
[ 2018-04-26 22:38:21,880][kfold_wrapper.log_eval_metrics] Accuracy(layer_1 - estimator_1 - 10_folds.train_4.predict)=99.37%
[ 2018-04-26 22:38:22,963][kfold_wrapper.log_eval_metrics] Accuracy(layer_1 - estimator_1 - 10_folds.train_5.predict)=99.58%
[ 2018-04-26 22:38:24,054][kfold_wrapper.log_eval_metrics] Accuracy(layer_1 - estimator_1 - 10_folds.train_6.predict)=99.58%
[ 2018-04-26 22:38:25,003][kfold_wrapper.log_eval_metrics] Accuracy(layer_1 - estimator_1 - 10_folds.train_7.predict)=99.79%
[ 2018-04-26 22:38:26,096][kfold_wrapper.log_eval_metrics] Accuracy(layer_1 - estimator_1 - 10_folds.train_8.predict)=99.58%
[ 2018-04-26 22:38:27,342][kfold_wrapper.log_eval_metrics] Accuracy(layer_1 - estimator_1 - 10_folds.train_9.predict)=99.79%
[ 2018-04-26 22:38:27,603][kfold_wrapper.log_eval_metrics] Accuracy(layer_1 - estimator_1 - 10_folds.train_cv.predict)=99.58%
[ 2018-04-26 22:38:27,605][kfold_wrapper.log_eval_metrics] Accuracy(layer_1 - estimator_1 - 10_folds.test.predict)=99.56%
[ 2018-04-26 22:38:27,638][kfold_wrapper.log_eval_metrics] Accuracy(layer_1 - estimator_2 - 10_folds.train_0.predict)=99.16%
[ 2018-04-26 22:38:27,684][kfold_wrapper.log_eval_metrics] Accuracy(layer_1 - estimator_2 - 10_folds.train_1.predict)=99.58%
[ 2018-04-26 22:38:27,705][kfold_wrapper.log_eval_metrics] Accuracy(layer_1 - estimator_2 - 10_folds.train_2.predict)=99.16%
[ 2018-04-26 22:38:27,724][kfold_wrapper.log_eval_metrics] Accuracy(layer_1 - estimator_2 - 10_folds.train_3.predict)=99.37%
[ 2018-04-26 22:38:27,742][kfold_wrapper.log_eval_metrics] Accuracy(layer_1 - estimator_2 - 10_folds.train_4.predict)=99.58%
[ 2018-04-26 22:38:27,759][kfold_wrapper.log_eval_metrics] Accuracy(layer_1 - estimator_2 - 10_folds.train_5.predict)=98.53%
[ 2018-04-26 22:38:27,774][kfold_wrapper.log_eval_metrics] Accuracy(layer_1 - estimator_2 - 10_folds.train_6.predict)=99.58%
[ 2018-04-26 22:38:27,789][kfold_wrapper.log_eval_metrics] Accuracy(layer_1 - estimator_2 - 10_folds.train_7.predict)=98.95%
[ 2018-04-26 22:38:27,805][kfold_wrapper.log_eval_metrics] Accuracy(layer_1 - estimator_2 - 10_folds.train_8.predict)=99.37%
[ 2018-04-26 22:38:27,820][kfold_wrapper.log_eval_metrics] Accuracy(layer_1 - estimator_2 - 10_folds.train_9.predict)=99.58%
[ 2018-04-26 22:38:27,821][kfold_wrapper.log_eval_metrics] Accuracy(layer_1 - estimator_2 - 10_folds.train_cv.predict)=99.29%
[ 2018-04-26 22:38:27,823][kfold_wrapper.log_eval_metrics] Accuracy(layer_1 - estimator_2 - 10_folds.test.predict)=99.51%
[ 2018-04-26 22:38:27,824][cascade_classifier.calc_accuracy] Accuracy(layer_1 - train.classifier_average)=99.56%
[ 2018-04-26 22:38:27,825][cascade_classifier.calc_accuracy] Accuracy(layer_1 - test.classifier_average)=99.61%
[ 2018-04-26 22:38:27,827][cascade_classifier.fit_transform] [layer=2] look_indexs=[0], X_cur_train.shape=(4761, 27), X_cur_test.shape=(2041, 27)
[ 2018-04-26 22:38:28,660][kfold_wrapper.log_eval_metrics] Accuracy(layer_2 - estimator_0 - 10_folds.train_0.predict)=98.53%
[ 2018-04-26 22:38:29,783][kfold_wrapper.log_eval_metrics] Accuracy(layer_2 - estimator_0 - 10_folds.train_1.predict)=99.58%
[ 2018-04-26 22:38:30,872][kfold_wrapper.log_eval_metrics] Accuracy(layer_2 - estimator_0 - 10_folds.train_2.predict)=100.00%
[ 2018-04-26 22:38:31,994][kfold_wrapper.log_eval_metrics] Accuracy(layer_2 - estimator_0 - 10_folds.train_3.predict)=100.00%
[ 2018-04-26 22:38:33,055][kfold_wrapper.log_eval_metrics] Accuracy(layer_2 - estimator_0 - 10_folds.train_4.predict)=99.79%
[ 2018-04-26 22:38:34,190][kfold_wrapper.log_eval_metrics] Accuracy(layer_2 - estimator_0 - 10_folds.train_5.predict)=99.16%
[ 2018-04-26 22:38:35,302][kfold_wrapper.log_eval_metrics] Accuracy(layer_2 - estimator_0 - 10_folds.train_6.predict)=99.37%
[ 2018-04-26 22:38:36,359][kfold_wrapper.log_eval_metrics] Accuracy(layer_2 - estimator_0 - 10_folds.train_7.predict)=99.79%
[ 2018-04-26 22:38:37,397][kfold_wrapper.log_eval_metrics] Accuracy(layer_2 - estimator_0 - 10_folds.train_8.predict)=99.16%
[ 2018-04-26 22:38:38,673][kfold_wrapper.log_eval_metrics] Accuracy(layer_2 - estimator_0 - 10_folds.train_9.predict)=98.95%
[ 2018-04-26 22:38:38,923][kfold_wrapper.log_eval_metrics] Accuracy(layer_2 - estimator_0 - 10_folds.train_cv.predict)=99.43%
[ 2018-04-26 22:38:38,925][kfold_wrapper.log_eval_metrics] Accuracy(layer_2 - estimator_0 - 10_folds.test.predict)=99.51%
[ 2018-04-26 22:38:39,647][kfold_wrapper.log_eval_metrics] Accuracy(layer_2 - estimator_1 - 10_folds.train_0.predict)=99.58%
[ 2018-04-26 22:38:40,772][kfold_wrapper.log_eval_metrics] Accuracy(layer_2 - estimator_1 - 10_folds.train_1.predict)=99.58%
[ 2018-04-26 22:38:41,835][kfold_wrapper.log_eval_metrics] Accuracy(layer_2 - estimator_1 - 10_folds.train_2.predict)=99.37%
[ 2018-04-26 22:38:42,922][kfold_wrapper.log_eval_metrics] Accuracy(layer_2 - estimator_1 - 10_folds.train_3.predict)=99.58%
[ 2018-04-26 22:38:43,921][kfold_wrapper.log_eval_metrics] Accuracy(layer_2 - estimator_1 - 10_folds.train_4.predict)=99.79%
[ 2018-04-26 22:38:44,987][kfold_wrapper.log_eval_metrics] Accuracy(layer_2 - estimator_1 - 10_folds.train_5.predict)=98.95%
[ 2018-04-26 22:38:46,075][kfold_wrapper.log_eval_metrics] Accuracy(layer_2 - estimator_1 - 10_folds.train_6.predict)=99.16%
[ 2018-04-26 22:38:47,151][kfold_wrapper.log_eval_metrics] Accuracy(layer_2 - estimator_1 - 10_folds.train_7.predict)=99.79%
[ 2018-04-26 22:38:48,196][kfold_wrapper.log_eval_metrics] Accuracy(layer_2 - estimator_1 - 10_folds.train_8.predict)=100.00%
[ 2018-04-26 22:38:49,310][kfold_wrapper.log_eval_metrics] Accuracy(layer_2 - estimator_1 - 10_folds.train_9.predict)=99.16%
[ 2018-04-26 22:38:49,546][kfold_wrapper.log_eval_metrics] Accuracy(layer_2 - estimator_1 - 10_folds.train_cv.predict)=99.50%
[ 2018-04-26 22:38:49,548][kfold_wrapper.log_eval_metrics] Accuracy(layer_2 - estimator_1 - 10_folds.test.predict)=99.61%
[ 2018-04-26 22:38:49,580][kfold_wrapper.log_eval_metrics] Accuracy(layer_2 - estimator_2 - 10_folds.train_0.predict)=99.37%
[ 2018-04-26 22:38:49,606][kfold_wrapper.log_eval_metrics] Accuracy(layer_2 - estimator_2 - 10_folds.train_1.predict)=99.58%
[ 2018-04-26 22:38:49,630][kfold_wrapper.log_eval_metrics] Accuracy(layer_2 - estimator_2 - 10_folds.train_2.predict)=99.79%
[ 2018-04-26 22:38:49,649][kfold_wrapper.log_eval_metrics] Accuracy(layer_2 - estimator_2 - 10_folds.train_3.predict)=99.79%
[ 2018-04-26 22:38:49,669][kfold_wrapper.log_eval_metrics] Accuracy(layer_2 - estimator_2 - 10_folds.train_4.predict)=99.37%
[ 2018-04-26 22:38:49,689][kfold_wrapper.log_eval_metrics] Accuracy(layer_2 - estimator_2 - 10_folds.train_5.predict)=99.79%
[ 2018-04-26 22:38:49,707][kfold_wrapper.log_eval_metrics] Accuracy(layer_2 - estimator_2 - 10_folds.train_6.predict)=99.16%
[ 2018-04-26 22:38:49,723][kfold_wrapper.log_eval_metrics] Accuracy(layer_2 - estimator_2 - 10_folds.train_7.predict)=99.79%
[ 2018-04-26 22:38:49,738][kfold_wrapper.log_eval_metrics] Accuracy(layer_2 - estimator_2 - 10_folds.train_8.predict)=99.37%
[ 2018-04-26 22:38:49,754][kfold_wrapper.log_eval_metrics] Accuracy(layer_2 - estimator_2 - 10_folds.train_9.predict)=99.16%
[ 2018-04-26 22:38:49,755][kfold_wrapper.log_eval_metrics] Accuracy(layer_2 - estimator_2 - 10_folds.train_cv.predict)=99.52%
[ 2018-04-26 22:38:49,756][kfold_wrapper.log_eval_metrics] Accuracy(layer_2 - estimator_2 - 10_folds.test.predict)=99.51%
[ 2018-04-26 22:38:49,758][cascade_classifier.calc_accuracy] Accuracy(layer_2 - train.classifier_average)=99.43%
[ 2018-04-26 22:38:49,759][cascade_classifier.calc_accuracy] Accuracy(layer_2 - test.classifier_average)=99.61%
[ 2018-04-26 22:38:49,760][cascade_classifier.fit_transform] [layer=3] look_indexs=[0], X_cur_train.shape=(4761, 27), X_cur_test.shape=(2041, 27)
[ 2018-04-26 22:38:50,558][kfold_wrapper.log_eval_metrics] Accuracy(layer_3 - estimator_0 - 10_folds.train_0.predict)=99.37%
[ 2018-04-26 22:38:51,598][kfold_wrapper.log_eval_metrics] Accuracy(layer_3 - estimator_0 - 10_folds.train_1.predict)=99.37%
[ 2018-04-26 22:38:52,752][kfold_wrapper.log_eval_metrics] Accuracy(layer_3 - estimator_0 - 10_folds.train_2.predict)=99.79%
[ 2018-04-26 22:38:53,900][kfold_wrapper.log_eval_metrics] Accuracy(layer_3 - estimator_0 - 10_folds.train_3.predict)=98.95%
[ 2018-04-26 22:38:54,943][kfold_wrapper.log_eval_metrics] Accuracy(layer_3 - estimator_0 - 10_folds.train_4.predict)=99.16%
[ 2018-04-26 22:38:56,005][kfold_wrapper.log_eval_metrics] Accuracy(layer_3 - estimator_0 - 10_folds.train_5.predict)=99.58%
[ 2018-04-26 22:38:57,169][kfold_wrapper.log_eval_metrics] Accuracy(layer_3 - estimator_0 - 10_folds.train_6.predict)=99.37%
[ 2018-04-26 22:38:58,233][kfold_wrapper.log_eval_metrics] Accuracy(layer_3 - estimator_0 - 10_folds.train_7.predict)=99.58%
[ 2018-04-26 22:38:59,344][kfold_wrapper.log_eval_metrics] Accuracy(layer_3 - estimator_0 - 10_folds.train_8.predict)=99.16%
[ 2018-04-26 22:39:00,416][kfold_wrapper.log_eval_metrics] Accuracy(layer_3 - estimator_0 - 10_folds.train_9.predict)=100.00%
[ 2018-04-26 22:39:00,639][kfold_wrapper.log_eval_metrics] Accuracy(layer_3 - estimator_0 - 10_folds.train_cv.predict)=99.43%
[ 2018-04-26 22:39:00,641][kfold_wrapper.log_eval_metrics] Accuracy(layer_3 - estimator_0 - 10_folds.test.predict)=99.46%
[ 2018-04-26 22:39:01,434][kfold_wrapper.log_eval_metrics] Accuracy(layer_3 - estimator_1 - 10_folds.train_0.predict)=99.16%
[ 2018-04-26 22:39:02,350][kfold_wrapper.log_eval_metrics] Accuracy(layer_3 - estimator_1 - 10_folds.train_1.predict)=99.58%
[ 2018-04-26 22:39:03,629][kfold_wrapper.log_eval_metrics] Accuracy(layer_3 - estimator_1 - 10_folds.train_2.predict)=99.58%
[ 2018-04-26 22:39:04,725][kfold_wrapper.log_eval_metrics] Accuracy(layer_3 - estimator_1 - 10_folds.train_3.predict)=99.58%
[ 2018-04-26 22:39:05,824][kfold_wrapper.log_eval_metrics] Accuracy(layer_3 - estimator_1 - 10_folds.train_4.predict)=99.58%
[ 2018-04-26 22:39:06,952][kfold_wrapper.log_eval_metrics] Accuracy(layer_3 - estimator_1 - 10_folds.train_5.predict)=99.37%
[ 2018-04-26 22:39:08,045][kfold_wrapper.log_eval_metrics] Accuracy(layer_3 - estimator_1 - 10_folds.train_6.predict)=99.58%
[ 2018-04-26 22:39:09,146][kfold_wrapper.log_eval_metrics] Accuracy(layer_3 - estimator_1 - 10_folds.train_7.predict)=100.00%
[ 2018-04-26 22:39:10,299][kfold_wrapper.log_eval_metrics] Accuracy(layer_3 - estimator_1 - 10_folds.train_8.predict)=99.16%
[ 2018-04-26 22:39:11,393][kfold_wrapper.log_eval_metrics] Accuracy(layer_3 - estimator_1 - 10_folds.train_9.predict)=99.58%
[ 2018-04-26 22:39:11,646][kfold_wrapper.log_eval_metrics] Accuracy(layer_3 - estimator_1 - 10_folds.train_cv.predict)=99.52%
[ 2018-04-26 22:39:11,648][kfold_wrapper.log_eval_metrics] Accuracy(layer_3 - estimator_1 - 10_folds.test.predict)=99.61%
[ 2018-04-26 22:39:11,685][kfold_wrapper.log_eval_metrics] Accuracy(layer_3 - estimator_2 - 10_folds.train_0.predict)=99.79%
[ 2018-04-26 22:39:11,734][kfold_wrapper.log_eval_metrics] Accuracy(layer_3 - estimator_2 - 10_folds.train_1.predict)=99.37%
[ 2018-04-26 22:39:11,767][kfold_wrapper.log_eval_metrics] Accuracy(layer_3 - estimator_2 - 10_folds.train_2.predict)=99.58%
[ 2018-04-26 22:39:11,793][kfold_wrapper.log_eval_metrics] Accuracy(layer_3 - estimator_2 - 10_folds.train_3.predict)=99.16%
[ 2018-04-26 22:39:11,816][kfold_wrapper.log_eval_metrics] Accuracy(layer_3 - estimator_2 - 10_folds.train_4.predict)=99.37%
[ 2018-04-26 22:39:11,838][kfold_wrapper.log_eval_metrics] Accuracy(layer_3 - estimator_2 - 10_folds.train_5.predict)=99.58%
[ 2018-04-26 22:39:11,859][kfold_wrapper.log_eval_metrics] Accuracy(layer_3 - estimator_2 - 10_folds.train_6.predict)=99.79%
[ 2018-04-26 22:39:11,878][kfold_wrapper.log_eval_metrics] Accuracy(layer_3 - estimator_2 - 10_folds.train_7.predict)=98.32%
[ 2018-04-26 22:39:11,896][kfold_wrapper.log_eval_metrics] Accuracy(layer_3 - estimator_2 - 10_folds.train_8.predict)=99.37%
[ 2018-04-26 22:39:11,912][kfold_wrapper.log_eval_metrics] Accuracy(layer_3 - estimator_2 - 10_folds.train_9.predict)=99.16%
[ 2018-04-26 22:39:11,914][kfold_wrapper.log_eval_metrics] Accuracy(layer_3 - estimator_2 - 10_folds.train_cv.predict)=99.35%
[ 2018-04-26 22:39:11,915][kfold_wrapper.log_eval_metrics] Accuracy(layer_3 - estimator_2 - 10_folds.test.predict)=99.51%
[ 2018-04-26 22:39:11,917][cascade_classifier.calc_accuracy] Accuracy(layer_3 - train.classifier_average)=99.37%
[ 2018-04-26 22:39:11,918][cascade_classifier.calc_accuracy] Accuracy(layer_3 - test.classifier_average)=99.61%
[ 2018-04-26 22:39:11,920][cascade_classifier.fit_transform] [layer=4] look_indexs=[0], X_cur_train.shape=(4761, 27), X_cur_test.shape=(2041, 27)
[ 2018-04-26 22:39:12,726][kfold_wrapper.log_eval_metrics] Accuracy(layer_4 - estimator_0 - 10_folds.train_0.predict)=99.37%
[ 2018-04-26 22:39:13,808][kfold_wrapper.log_eval_metrics] Accuracy(layer_4 - estimator_0 - 10_folds.train_1.predict)=99.37%
[ 2018-04-26 22:39:14,939][kfold_wrapper.log_eval_metrics] Accuracy(layer_4 - estimator_0 - 10_folds.train_2.predict)=99.37%
[ 2018-04-26 22:39:16,024][kfold_wrapper.log_eval_metrics] Accuracy(layer_4 - estimator_0 - 10_folds.train_3.predict)=99.16%
[ 2018-04-26 22:39:17,106][kfold_wrapper.log_eval_metrics] Accuracy(layer_4 - estimator_0 - 10_folds.train_4.predict)=99.37%
[ 2018-04-26 22:39:18,194][kfold_wrapper.log_eval_metrics] Accuracy(layer_4 - estimator_0 - 10_folds.train_5.predict)=98.53%
[ 2018-04-26 22:39:19,266][kfold_wrapper.log_eval_metrics] Accuracy(layer_4 - estimator_0 - 10_folds.train_6.predict)=99.58%
[ 2018-04-26 22:39:20,428][kfold_wrapper.log_eval_metrics] Accuracy(layer_4 - estimator_0 - 10_folds.train_7.predict)=99.79%
[ 2018-04-26 22:39:21,477][kfold_wrapper.log_eval_metrics] Accuracy(layer_4 - estimator_0 - 10_folds.train_8.predict)=99.37%
[ 2018-04-26 22:39:22,541][kfold_wrapper.log_eval_metrics] Accuracy(layer_4 - estimator_0 - 10_folds.train_9.predict)=99.37%
[ 2018-04-26 22:39:22,799][kfold_wrapper.log_eval_metrics] Accuracy(layer_4 - estimator_0 - 10_folds.train_cv.predict)=99.33%
[ 2018-04-26 22:39:22,800][kfold_wrapper.log_eval_metrics] Accuracy(layer_4 - estimator_0 - 10_folds.test.predict)=99.36%
[ 2018-04-26 22:39:23,651][kfold_wrapper.log_eval_metrics] Accuracy(layer_4 - estimator_1 - 10_folds.train_0.predict)=98.95%
[ 2018-04-26 22:39:24,723][kfold_wrapper.log_eval_metrics] Accuracy(layer_4 - estimator_1 - 10_folds.train_1.predict)=99.37%
[ 2018-04-26 22:39:25,820][kfold_wrapper.log_eval_metrics] Accuracy(layer_4 - estimator_1 - 10_folds.train_2.predict)=100.00%
[ 2018-04-26 22:39:26,906][kfold_wrapper.log_eval_metrics] Accuracy(layer_4 - estimator_1 - 10_folds.train_3.predict)=99.37%
[ 2018-04-26 22:39:27,994][kfold_wrapper.log_eval_metrics] Accuracy(layer_4 - estimator_1 - 10_folds.train_4.predict)=99.16%
[ 2018-04-26 22:39:29,135][kfold_wrapper.log_eval_metrics] Accuracy(layer_4 - estimator_1 - 10_folds.train_5.predict)=99.37%
[ 2018-04-26 22:39:30,349][kfold_wrapper.log_eval_metrics] Accuracy(layer_4 - estimator_1 - 10_folds.train_6.predict)=100.00%
[ 2018-04-26 22:39:31,448][kfold_wrapper.log_eval_metrics] Accuracy(layer_4 - estimator_1 - 10_folds.train_7.predict)=99.37%
[ 2018-04-26 22:39:32,558][kfold_wrapper.log_eval_metrics] Accuracy(layer_4 - estimator_1 - 10_folds.train_8.predict)=99.58%
[ 2018-04-26 22:39:33,654][kfold_wrapper.log_eval_metrics] Accuracy(layer_4 - estimator_1 - 10_folds.train_9.predict)=99.37%
[ 2018-04-26 22:39:33,911][kfold_wrapper.log_eval_metrics] Accuracy(layer_4 - estimator_1 - 10_folds.train_cv.predict)=99.45%
[ 2018-04-26 22:39:33,913][kfold_wrapper.log_eval_metrics] Accuracy(layer_4 - estimator_1 - 10_folds.test.predict)=99.41%
[ 2018-04-26 22:39:33,953][kfold_wrapper.log_eval_metrics] Accuracy(layer_4 - estimator_2 - 10_folds.train_0.predict)=99.37%
[ 2018-04-26 22:39:33,982][kfold_wrapper.log_eval_metrics] Accuracy(layer_4 - estimator_2 - 10_folds.train_1.predict)=99.16%
[ 2018-04-26 22:39:34,014][kfold_wrapper.log_eval_metrics] Accuracy(layer_4 - estimator_2 - 10_folds.train_2.predict)=99.58%
[ 2018-04-26 22:39:34,047][kfold_wrapper.log_eval_metrics] Accuracy(layer_4 - estimator_2 - 10_folds.train_3.predict)=99.16%
[ 2018-04-26 22:39:34,077][kfold_wrapper.log_eval_metrics] Accuracy(layer_4 - estimator_2 - 10_folds.train_4.predict)=99.58%
[ 2018-04-26 22:39:34,103][kfold_wrapper.log_eval_metrics] Accuracy(layer_4 - estimator_2 - 10_folds.train_5.predict)=99.58%
[ 2018-04-26 22:39:34,127][kfold_wrapper.log_eval_metrics] Accuracy(layer_4 - estimator_2 - 10_folds.train_6.predict)=99.16%
[ 2018-04-26 22:39:34,150][kfold_wrapper.log_eval_metrics] Accuracy(layer_4 - estimator_2 - 10_folds.train_7.predict)=99.37%
[ 2018-04-26 22:39:34,171][kfold_wrapper.log_eval_metrics] Accuracy(layer_4 - estimator_2 - 10_folds.train_8.predict)=99.58%
[ 2018-04-26 22:39:34,188][kfold_wrapper.log_eval_metrics] Accuracy(layer_4 - estimator_2 - 10_folds.train_9.predict)=99.58%
[ 2018-04-26 22:39:34,189][kfold_wrapper.log_eval_metrics] Accuracy(layer_4 - estimator_2 - 10_folds.train_cv.predict)=99.41%
[ 2018-04-26 22:39:34,191][kfold_wrapper.log_eval_metrics] Accuracy(layer_4 - estimator_2 - 10_folds.test.predict)=99.56%
[ 2018-04-26 22:39:34,192][cascade_classifier.calc_accuracy] Accuracy(layer_4 - train.classifier_average)=99.39%
[ 2018-04-26 22:39:34,193][cascade_classifier.calc_accuracy] Accuracy(layer_4 - test.classifier_average)=99.51%
[ 2018-04-26 22:39:34,194][cascade_classifier.fit_transform] [Result][Optimal Level Detected] opt_layer_num=2, accuracy_train=99.56%, accuracy_test=99.61%
[ 2018-04-26 22:39:34,280][cascade_classifier.transform] X_groups_test.shape=[(2041, 21)]
[ 2018-04-26 22:39:34,282][cascade_classifier.transform] group_dims=[21]
[ 2018-04-26 22:39:34,283][cascade_classifier.transform] X_test.shape=(2041, 21)
[ 2018-04-26 22:39:34,286][cascade_classifier.transform] [layer=0] look_indexs=[0], X_cur_test.shape=(2041, 21)
[ 2018-04-26 22:39:39,465][cascade_classifier.transform] [layer=1] look_indexs=[0], X_cur_test.shape=(2041, 27)
