[ 2018-04-26 22:56:46,817][cascade_classifier.fit_transform] X_groups_train.shape=[(2284, 1555)],y_train.shape=(2284,),X_groups_test.shape=[(980, 1555)],y_test.shape=(980,)
[ 2018-04-26 22:56:46,823][cascade_classifier.fit_transform] group_dims=[1555]
[ 2018-04-26 22:56:46,824][cascade_classifier.fit_transform] group_starts=[0]
[ 2018-04-26 22:56:46,825][cascade_classifier.fit_transform] group_ends=[1555]
[ 2018-04-26 22:56:46,826][cascade_classifier.fit_transform] X_train.shape=(2284, 1555),X_test.shape=(980, 1555)
[ 2018-04-26 22:56:46,843][cascade_classifier.fit_transform] [layer=0] look_indexs=[0], X_cur_train.shape=(2284, 1555), X_cur_test.shape=(980, 1555)
[ 2018-04-26 22:56:47,549][kfold_wrapper.log_eval_metrics] Accuracy(layer_0 - estimator_0 - 10_folds.train_0.predict)=94.32%
[ 2018-04-26 22:56:48,572][kfold_wrapper.log_eval_metrics] Accuracy(layer_0 - estimator_0 - 10_folds.train_1.predict)=96.51%
[ 2018-04-26 22:56:49,610][kfold_wrapper.log_eval_metrics] Accuracy(layer_0 - estimator_0 - 10_folds.train_2.predict)=97.38%
[ 2018-04-26 22:56:50,672][kfold_wrapper.log_eval_metrics] Accuracy(layer_0 - estimator_0 - 10_folds.train_3.predict)=96.94%
[ 2018-04-26 22:56:51,720][kfold_wrapper.log_eval_metrics] Accuracy(layer_0 - estimator_0 - 10_folds.train_4.predict)=97.81%
[ 2018-04-26 22:56:52,826][kfold_wrapper.log_eval_metrics] Accuracy(layer_0 - estimator_0 - 10_folds.train_5.predict)=97.37%
[ 2018-04-26 22:56:53,895][kfold_wrapper.log_eval_metrics] Accuracy(layer_0 - estimator_0 - 10_folds.train_6.predict)=98.25%
[ 2018-04-26 22:56:55,010][kfold_wrapper.log_eval_metrics] Accuracy(layer_0 - estimator_0 - 10_folds.train_7.predict)=97.81%
[ 2018-04-26 22:56:56,143][kfold_wrapper.log_eval_metrics] Accuracy(layer_0 - estimator_0 - 10_folds.train_8.predict)=96.05%
[ 2018-04-26 22:56:57,257][kfold_wrapper.log_eval_metrics] Accuracy(layer_0 - estimator_0 - 10_folds.train_9.predict)=94.30%
[ 2018-04-26 22:56:57,511][kfold_wrapper.log_eval_metrics] Accuracy(layer_0 - estimator_0 - 10_folds.train_cv.predict)=96.67%
[ 2018-04-26 22:56:57,513][kfold_wrapper.log_eval_metrics] Accuracy(layer_0 - estimator_0 - 10_folds.test.predict)=97.76%
[ 2018-04-26 22:56:58,413][kfold_wrapper.log_eval_metrics] Accuracy(layer_0 - estimator_1 - 10_folds.train_0.predict)=96.51%
[ 2018-04-26 22:56:59,493][kfold_wrapper.log_eval_metrics] Accuracy(layer_0 - estimator_1 - 10_folds.train_1.predict)=96.51%
[ 2018-04-26 22:57:00,697][kfold_wrapper.log_eval_metrics] Accuracy(layer_0 - estimator_1 - 10_folds.train_2.predict)=96.94%
[ 2018-04-26 22:57:01,633][kfold_wrapper.log_eval_metrics] Accuracy(layer_0 - estimator_1 - 10_folds.train_3.predict)=96.07%
[ 2018-04-26 22:57:02,633][kfold_wrapper.log_eval_metrics] Accuracy(layer_0 - estimator_1 - 10_folds.train_4.predict)=96.05%
[ 2018-04-26 22:57:03,670][kfold_wrapper.log_eval_metrics] Accuracy(layer_0 - estimator_1 - 10_folds.train_5.predict)=96.93%
[ 2018-04-26 22:57:04,560][kfold_wrapper.log_eval_metrics] Accuracy(layer_0 - estimator_1 - 10_folds.train_6.predict)=97.37%
[ 2018-04-26 22:57:05,631][kfold_wrapper.log_eval_metrics] Accuracy(layer_0 - estimator_1 - 10_folds.train_7.predict)=96.93%
[ 2018-04-26 22:57:06,697][kfold_wrapper.log_eval_metrics] Accuracy(layer_0 - estimator_1 - 10_folds.train_8.predict)=96.05%
[ 2018-04-26 22:57:07,806][kfold_wrapper.log_eval_metrics] Accuracy(layer_0 - estimator_1 - 10_folds.train_9.predict)=95.61%
[ 2018-04-26 22:57:08,063][kfold_wrapper.log_eval_metrics] Accuracy(layer_0 - estimator_1 - 10_folds.train_cv.predict)=96.50%
[ 2018-04-26 22:57:08,065][kfold_wrapper.log_eval_metrics] Accuracy(layer_0 - estimator_1 - 10_folds.test.predict)=97.65%
[ 2018-04-26 22:57:08,181][kfold_wrapper.log_eval_metrics] Accuracy(layer_0 - estimator_2 - 10_folds.train_0.predict)=97.38%
[ 2018-04-26 22:57:08,224][kfold_wrapper.log_eval_metrics] Accuracy(layer_0 - estimator_2 - 10_folds.train_1.predict)=95.63%
[ 2018-04-26 22:57:08,268][kfold_wrapper.log_eval_metrics] Accuracy(layer_0 - estimator_2 - 10_folds.train_2.predict)=96.07%
[ 2018-04-26 22:57:08,306][kfold_wrapper.log_eval_metrics] Accuracy(layer_0 - estimator_2 - 10_folds.train_3.predict)=96.07%
[ 2018-04-26 22:57:08,340][kfold_wrapper.log_eval_metrics] Accuracy(layer_0 - estimator_2 - 10_folds.train_4.predict)=96.49%
[ 2018-04-26 22:57:08,375][kfold_wrapper.log_eval_metrics] Accuracy(layer_0 - estimator_2 - 10_folds.train_5.predict)=97.37%
[ 2018-04-26 22:57:08,405][kfold_wrapper.log_eval_metrics] Accuracy(layer_0 - estimator_2 - 10_folds.train_6.predict)=96.05%
[ 2018-04-26 22:57:08,432][kfold_wrapper.log_eval_metrics] Accuracy(layer_0 - estimator_2 - 10_folds.train_7.predict)=96.93%
[ 2018-04-26 22:57:08,459][kfold_wrapper.log_eval_metrics] Accuracy(layer_0 - estimator_2 - 10_folds.train_8.predict)=96.93%
[ 2018-04-26 22:57:08,487][kfold_wrapper.log_eval_metrics] Accuracy(layer_0 - estimator_2 - 10_folds.train_9.predict)=99.12%
[ 2018-04-26 22:57:08,490][kfold_wrapper.log_eval_metrics] Accuracy(layer_0 - estimator_2 - 10_folds.train_cv.predict)=96.80%
[ 2018-04-26 22:57:08,492][kfold_wrapper.log_eval_metrics] Accuracy(layer_0 - estimator_2 - 10_folds.test.predict)=97.45%
[ 2018-04-26 22:57:08,493][cascade_classifier.calc_accuracy] Accuracy(layer_0 - train.classifier_average)=97.20%
[ 2018-04-26 22:57:08,494][cascade_classifier.calc_accuracy] Accuracy(layer_0 - test.classifier_average)=97.86%
[ 2018-04-26 22:57:08,513][cascade_classifier.fit_transform] [layer=1] look_indexs=[0], X_cur_train.shape=(2284, 1561), X_cur_test.shape=(980, 1561)
[ 2018-04-26 22:57:09,396][kfold_wrapper.log_eval_metrics] Accuracy(layer_1 - estimator_0 - 10_folds.train_0.predict)=96.94%
[ 2018-04-26 22:57:10,562][kfold_wrapper.log_eval_metrics] Accuracy(layer_1 - estimator_0 - 10_folds.train_1.predict)=96.94%
[ 2018-04-26 22:57:11,771][kfold_wrapper.log_eval_metrics] Accuracy(layer_1 - estimator_0 - 10_folds.train_2.predict)=97.82%
[ 2018-04-26 22:57:12,884][kfold_wrapper.log_eval_metrics] Accuracy(layer_1 - estimator_0 - 10_folds.train_3.predict)=97.82%
[ 2018-04-26 22:57:13,992][kfold_wrapper.log_eval_metrics] Accuracy(layer_1 - estimator_0 - 10_folds.train_4.predict)=98.68%
[ 2018-04-26 22:57:15,227][kfold_wrapper.log_eval_metrics] Accuracy(layer_1 - estimator_0 - 10_folds.train_5.predict)=98.68%
[ 2018-04-26 22:57:16,356][kfold_wrapper.log_eval_metrics] Accuracy(layer_1 - estimator_0 - 10_folds.train_6.predict)=96.93%
[ 2018-04-26 22:57:17,450][kfold_wrapper.log_eval_metrics] Accuracy(layer_1 - estimator_0 - 10_folds.train_7.predict)=97.37%
[ 2018-04-26 22:57:18,528][kfold_wrapper.log_eval_metrics] Accuracy(layer_1 - estimator_0 - 10_folds.train_8.predict)=96.93%
[ 2018-04-26 22:57:19,600][kfold_wrapper.log_eval_metrics] Accuracy(layer_1 - estimator_0 - 10_folds.train_9.predict)=94.74%
[ 2018-04-26 22:57:19,960][kfold_wrapper.log_eval_metrics] Accuracy(layer_1 - estimator_0 - 10_folds.train_cv.predict)=97.29%
[ 2018-04-26 22:57:19,962][kfold_wrapper.log_eval_metrics] Accuracy(layer_1 - estimator_0 - 10_folds.test.predict)=97.55%
[ 2018-04-26 22:57:20,832][kfold_wrapper.log_eval_metrics] Accuracy(layer_1 - estimator_1 - 10_folds.train_0.predict)=97.82%
[ 2018-04-26 22:57:21,913][kfold_wrapper.log_eval_metrics] Accuracy(layer_1 - estimator_1 - 10_folds.train_1.predict)=97.82%
[ 2018-04-26 22:57:23,314][kfold_wrapper.log_eval_metrics] Accuracy(layer_1 - estimator_1 - 10_folds.train_2.predict)=96.94%
[ 2018-04-26 22:57:24,398][kfold_wrapper.log_eval_metrics] Accuracy(layer_1 - estimator_1 - 10_folds.train_3.predict)=96.51%
[ 2018-04-26 22:57:25,535][kfold_wrapper.log_eval_metrics] Accuracy(layer_1 - estimator_1 - 10_folds.train_4.predict)=96.49%
[ 2018-04-26 22:57:26,608][kfold_wrapper.log_eval_metrics] Accuracy(layer_1 - estimator_1 - 10_folds.train_5.predict)=95.18%
[ 2018-04-26 22:57:27,705][kfold_wrapper.log_eval_metrics] Accuracy(layer_1 - estimator_1 - 10_folds.train_6.predict)=98.25%
[ 2018-04-26 22:57:28,810][kfold_wrapper.log_eval_metrics] Accuracy(layer_1 - estimator_1 - 10_folds.train_7.predict)=96.93%
[ 2018-04-26 22:57:29,937][kfold_wrapper.log_eval_metrics] Accuracy(layer_1 - estimator_1 - 10_folds.train_8.predict)=96.93%
[ 2018-04-26 22:57:31,029][kfold_wrapper.log_eval_metrics] Accuracy(layer_1 - estimator_1 - 10_folds.train_9.predict)=98.25%
[ 2018-04-26 22:57:31,327][kfold_wrapper.log_eval_metrics] Accuracy(layer_1 - estimator_1 - 10_folds.train_cv.predict)=97.11%
[ 2018-04-26 22:57:31,329][kfold_wrapper.log_eval_metrics] Accuracy(layer_1 - estimator_1 - 10_folds.test.predict)=97.86%
[ 2018-04-26 22:57:31,383][kfold_wrapper.log_eval_metrics] Accuracy(layer_1 - estimator_2 - 10_folds.train_0.predict)=96.94%
[ 2018-04-26 22:57:31,421][kfold_wrapper.log_eval_metrics] Accuracy(layer_1 - estimator_2 - 10_folds.train_1.predict)=98.25%
[ 2018-04-26 22:57:31,454][kfold_wrapper.log_eval_metrics] Accuracy(layer_1 - estimator_2 - 10_folds.train_2.predict)=96.94%
[ 2018-04-26 22:57:31,489][kfold_wrapper.log_eval_metrics] Accuracy(layer_1 - estimator_2 - 10_folds.train_3.predict)=97.82%
[ 2018-04-26 22:57:31,523][kfold_wrapper.log_eval_metrics] Accuracy(layer_1 - estimator_2 - 10_folds.train_4.predict)=97.81%
[ 2018-04-26 22:57:31,556][kfold_wrapper.log_eval_metrics] Accuracy(layer_1 - estimator_2 - 10_folds.train_5.predict)=97.81%
[ 2018-04-26 22:57:31,589][kfold_wrapper.log_eval_metrics] Accuracy(layer_1 - estimator_2 - 10_folds.train_6.predict)=96.49%
[ 2018-04-26 22:57:31,622][kfold_wrapper.log_eval_metrics] Accuracy(layer_1 - estimator_2 - 10_folds.train_7.predict)=97.37%
[ 2018-04-26 22:57:31,654][kfold_wrapper.log_eval_metrics] Accuracy(layer_1 - estimator_2 - 10_folds.train_8.predict)=96.49%
[ 2018-04-26 22:57:31,687][kfold_wrapper.log_eval_metrics] Accuracy(layer_1 - estimator_2 - 10_folds.train_9.predict)=96.05%
[ 2018-04-26 22:57:31,690][kfold_wrapper.log_eval_metrics] Accuracy(layer_1 - estimator_2 - 10_folds.train_cv.predict)=97.20%
[ 2018-04-26 22:57:31,692][kfold_wrapper.log_eval_metrics] Accuracy(layer_1 - estimator_2 - 10_folds.test.predict)=97.76%
[ 2018-04-26 22:57:31,693][cascade_classifier.calc_accuracy] Accuracy(layer_1 - train.classifier_average)=97.50%
[ 2018-04-26 22:57:31,694][cascade_classifier.calc_accuracy] Accuracy(layer_1 - test.classifier_average)=97.65%
[ 2018-04-26 22:57:31,712][cascade_classifier.fit_transform] [layer=2] look_indexs=[0], X_cur_train.shape=(2284, 1561), X_cur_test.shape=(980, 1561)
[ 2018-04-26 22:57:32,610][kfold_wrapper.log_eval_metrics] Accuracy(layer_2 - estimator_0 - 10_folds.train_0.predict)=97.82%
[ 2018-04-26 22:57:33,695][kfold_wrapper.log_eval_metrics] Accuracy(layer_2 - estimator_0 - 10_folds.train_1.predict)=99.13%
[ 2018-04-26 22:57:34,864][kfold_wrapper.log_eval_metrics] Accuracy(layer_2 - estimator_0 - 10_folds.train_2.predict)=96.51%
[ 2018-04-26 22:57:36,044][kfold_wrapper.log_eval_metrics] Accuracy(layer_2 - estimator_0 - 10_folds.train_3.predict)=98.25%
[ 2018-04-26 22:57:37,189][kfold_wrapper.log_eval_metrics] Accuracy(layer_2 - estimator_0 - 10_folds.train_4.predict)=98.25%
[ 2018-04-26 22:57:38,285][kfold_wrapper.log_eval_metrics] Accuracy(layer_2 - estimator_0 - 10_folds.train_5.predict)=96.05%
[ 2018-04-26 22:57:39,395][kfold_wrapper.log_eval_metrics] Accuracy(layer_2 - estimator_0 - 10_folds.train_6.predict)=97.37%
[ 2018-04-26 22:57:40,471][kfold_wrapper.log_eval_metrics] Accuracy(layer_2 - estimator_0 - 10_folds.train_7.predict)=96.93%
[ 2018-04-26 22:57:41,578][kfold_wrapper.log_eval_metrics] Accuracy(layer_2 - estimator_0 - 10_folds.train_8.predict)=96.05%
[ 2018-04-26 22:57:42,701][kfold_wrapper.log_eval_metrics] Accuracy(layer_2 - estimator_0 - 10_folds.train_9.predict)=98.25%
[ 2018-04-26 22:57:42,959][kfold_wrapper.log_eval_metrics] Accuracy(layer_2 - estimator_0 - 10_folds.train_cv.predict)=97.46%
[ 2018-04-26 22:57:42,961][kfold_wrapper.log_eval_metrics] Accuracy(layer_2 - estimator_0 - 10_folds.test.predict)=97.86%
[ 2018-04-26 22:57:43,813][kfold_wrapper.log_eval_metrics] Accuracy(layer_2 - estimator_1 - 10_folds.train_0.predict)=96.94%
[ 2018-04-26 22:57:44,844][kfold_wrapper.log_eval_metrics] Accuracy(layer_2 - estimator_1 - 10_folds.train_1.predict)=98.69%
[ 2018-04-26 22:57:45,984][kfold_wrapper.log_eval_metrics] Accuracy(layer_2 - estimator_1 - 10_folds.train_2.predict)=96.07%
[ 2018-04-26 22:57:47,054][kfold_wrapper.log_eval_metrics] Accuracy(layer_2 - estimator_1 - 10_folds.train_3.predict)=96.07%
[ 2018-04-26 22:57:48,145][kfold_wrapper.log_eval_metrics] Accuracy(layer_2 - estimator_1 - 10_folds.train_4.predict)=98.25%
[ 2018-04-26 22:57:49,225][kfold_wrapper.log_eval_metrics] Accuracy(layer_2 - estimator_1 - 10_folds.train_5.predict)=96.93%
[ 2018-04-26 22:57:50,317][kfold_wrapper.log_eval_metrics] Accuracy(layer_2 - estimator_1 - 10_folds.train_6.predict)=98.25%
[ 2018-04-26 22:57:51,421][kfold_wrapper.log_eval_metrics] Accuracy(layer_2 - estimator_1 - 10_folds.train_7.predict)=97.37%
[ 2018-04-26 22:57:52,557][kfold_wrapper.log_eval_metrics] Accuracy(layer_2 - estimator_1 - 10_folds.train_8.predict)=97.37%
[ 2018-04-26 22:57:53,681][kfold_wrapper.log_eval_metrics] Accuracy(layer_2 - estimator_1 - 10_folds.train_9.predict)=97.81%
[ 2018-04-26 22:57:53,928][kfold_wrapper.log_eval_metrics] Accuracy(layer_2 - estimator_1 - 10_folds.train_cv.predict)=97.37%
[ 2018-04-26 22:57:53,930][kfold_wrapper.log_eval_metrics] Accuracy(layer_2 - estimator_1 - 10_folds.test.predict)=97.76%
[ 2018-04-26 22:57:53,977][kfold_wrapper.log_eval_metrics] Accuracy(layer_2 - estimator_2 - 10_folds.train_0.predict)=97.38%
[ 2018-04-26 22:57:54,031][kfold_wrapper.log_eval_metrics] Accuracy(layer_2 - estimator_2 - 10_folds.train_1.predict)=98.25%
[ 2018-04-26 22:57:54,072][kfold_wrapper.log_eval_metrics] Accuracy(layer_2 - estimator_2 - 10_folds.train_2.predict)=96.94%
[ 2018-04-26 22:57:54,108][kfold_wrapper.log_eval_metrics] Accuracy(layer_2 - estimator_2 - 10_folds.train_3.predict)=97.82%
[ 2018-04-26 22:57:54,140][kfold_wrapper.log_eval_metrics] Accuracy(layer_2 - estimator_2 - 10_folds.train_4.predict)=96.93%
[ 2018-04-26 22:57:54,172][kfold_wrapper.log_eval_metrics] Accuracy(layer_2 - estimator_2 - 10_folds.train_5.predict)=98.25%
[ 2018-04-26 22:57:54,204][kfold_wrapper.log_eval_metrics] Accuracy(layer_2 - estimator_2 - 10_folds.train_6.predict)=96.49%
[ 2018-04-26 22:57:54,235][kfold_wrapper.log_eval_metrics] Accuracy(layer_2 - estimator_2 - 10_folds.train_7.predict)=95.61%
[ 2018-04-26 22:57:54,267][kfold_wrapper.log_eval_metrics] Accuracy(layer_2 - estimator_2 - 10_folds.train_8.predict)=97.37%
[ 2018-04-26 22:57:54,298][kfold_wrapper.log_eval_metrics] Accuracy(layer_2 - estimator_2 - 10_folds.train_9.predict)=97.37%
[ 2018-04-26 22:57:54,301][kfold_wrapper.log_eval_metrics] Accuracy(layer_2 - estimator_2 - 10_folds.train_cv.predict)=97.24%
[ 2018-04-26 22:57:54,302][kfold_wrapper.log_eval_metrics] Accuracy(layer_2 - estimator_2 - 10_folds.test.predict)=97.55%
[ 2018-04-26 22:57:54,303][cascade_classifier.calc_accuracy] Accuracy(layer_2 - train.classifier_average)=97.55%
[ 2018-04-26 22:57:54,304][cascade_classifier.calc_accuracy] Accuracy(layer_2 - test.classifier_average)=97.86%
[ 2018-04-26 22:57:54,331][cascade_classifier.fit_transform] [layer=3] look_indexs=[0], X_cur_train.shape=(2284, 1561), X_cur_test.shape=(980, 1561)
[ 2018-04-26 22:57:55,151][kfold_wrapper.log_eval_metrics] Accuracy(layer_3 - estimator_0 - 10_folds.train_0.predict)=96.94%
[ 2018-04-26 22:57:56,236][kfold_wrapper.log_eval_metrics] Accuracy(layer_3 - estimator_0 - 10_folds.train_1.predict)=95.63%
[ 2018-04-26 22:57:57,440][kfold_wrapper.log_eval_metrics] Accuracy(layer_3 - estimator_0 - 10_folds.train_2.predict)=96.07%
[ 2018-04-26 22:57:58,470][kfold_wrapper.log_eval_metrics] Accuracy(layer_3 - estimator_0 - 10_folds.train_3.predict)=96.51%
[ 2018-04-26 22:57:59,529][kfold_wrapper.log_eval_metrics] Accuracy(layer_3 - estimator_0 - 10_folds.train_4.predict)=98.25%
[ 2018-04-26 22:58:00,623][kfold_wrapper.log_eval_metrics] Accuracy(layer_3 - estimator_0 - 10_folds.train_5.predict)=98.25%
[ 2018-04-26 22:58:01,810][kfold_wrapper.log_eval_metrics] Accuracy(layer_3 - estimator_0 - 10_folds.train_6.predict)=97.81%
[ 2018-04-26 22:58:02,921][kfold_wrapper.log_eval_metrics] Accuracy(layer_3 - estimator_0 - 10_folds.train_7.predict)=99.12%
[ 2018-04-26 22:58:03,961][kfold_wrapper.log_eval_metrics] Accuracy(layer_3 - estimator_0 - 10_folds.train_8.predict)=96.93%
[ 2018-04-26 22:58:05,081][kfold_wrapper.log_eval_metrics] Accuracy(layer_3 - estimator_0 - 10_folds.train_9.predict)=98.25%
[ 2018-04-26 22:58:05,359][kfold_wrapper.log_eval_metrics] Accuracy(layer_3 - estimator_0 - 10_folds.train_cv.predict)=97.37%
[ 2018-04-26 22:58:05,361][kfold_wrapper.log_eval_metrics] Accuracy(layer_3 - estimator_0 - 10_folds.test.predict)=98.06%
[ 2018-04-26 22:58:06,202][kfold_wrapper.log_eval_metrics] Accuracy(layer_3 - estimator_1 - 10_folds.train_0.predict)=97.82%
[ 2018-04-26 22:58:07,429][kfold_wrapper.log_eval_metrics] Accuracy(layer_3 - estimator_1 - 10_folds.train_1.predict)=94.76%
[ 2018-04-26 22:58:08,536][kfold_wrapper.log_eval_metrics] Accuracy(layer_3 - estimator_1 - 10_folds.train_2.predict)=97.38%
[ 2018-04-26 22:58:09,628][kfold_wrapper.log_eval_metrics] Accuracy(layer_3 - estimator_1 - 10_folds.train_3.predict)=97.38%
[ 2018-04-26 22:58:10,711][kfold_wrapper.log_eval_metrics] Accuracy(layer_3 - estimator_1 - 10_folds.train_4.predict)=98.25%
[ 2018-04-26 22:58:11,924][kfold_wrapper.log_eval_metrics] Accuracy(layer_3 - estimator_1 - 10_folds.train_5.predict)=95.61%
[ 2018-04-26 22:58:13,066][kfold_wrapper.log_eval_metrics] Accuracy(layer_3 - estimator_1 - 10_folds.train_6.predict)=97.37%
[ 2018-04-26 22:58:14,176][kfold_wrapper.log_eval_metrics] Accuracy(layer_3 - estimator_1 - 10_folds.train_7.predict)=98.68%
[ 2018-04-26 22:58:15,245][kfold_wrapper.log_eval_metrics] Accuracy(layer_3 - estimator_1 - 10_folds.train_8.predict)=96.49%
[ 2018-04-26 22:58:16,346][kfold_wrapper.log_eval_metrics] Accuracy(layer_3 - estimator_1 - 10_folds.train_9.predict)=97.81%
[ 2018-04-26 22:58:16,632][kfold_wrapper.log_eval_metrics] Accuracy(layer_3 - estimator_1 - 10_folds.train_cv.predict)=97.15%
[ 2018-04-26 22:58:16,633][kfold_wrapper.log_eval_metrics] Accuracy(layer_3 - estimator_1 - 10_folds.test.predict)=98.16%
[ 2018-04-26 22:58:16,674][kfold_wrapper.log_eval_metrics] Accuracy(layer_3 - estimator_2 - 10_folds.train_0.predict)=96.94%
[ 2018-04-26 22:58:16,714][kfold_wrapper.log_eval_metrics] Accuracy(layer_3 - estimator_2 - 10_folds.train_1.predict)=96.51%
[ 2018-04-26 22:58:16,751][kfold_wrapper.log_eval_metrics] Accuracy(layer_3 - estimator_2 - 10_folds.train_2.predict)=96.51%
[ 2018-04-26 22:58:16,785][kfold_wrapper.log_eval_metrics] Accuracy(layer_3 - estimator_2 - 10_folds.train_3.predict)=97.38%
[ 2018-04-26 22:58:16,815][kfold_wrapper.log_eval_metrics] Accuracy(layer_3 - estimator_2 - 10_folds.train_4.predict)=96.93%
[ 2018-04-26 22:58:16,845][kfold_wrapper.log_eval_metrics] Accuracy(layer_3 - estimator_2 - 10_folds.train_5.predict)=96.49%
[ 2018-04-26 22:58:16,874][kfold_wrapper.log_eval_metrics] Accuracy(layer_3 - estimator_2 - 10_folds.train_6.predict)=97.37%
[ 2018-04-26 22:58:16,904][kfold_wrapper.log_eval_metrics] Accuracy(layer_3 - estimator_2 - 10_folds.train_7.predict)=99.12%
[ 2018-04-26 22:58:16,947][kfold_wrapper.log_eval_metrics] Accuracy(layer_3 - estimator_2 - 10_folds.train_8.predict)=97.81%
[ 2018-04-26 22:58:17,000][kfold_wrapper.log_eval_metrics] Accuracy(layer_3 - estimator_2 - 10_folds.train_9.predict)=96.93%
[ 2018-04-26 22:58:17,004][kfold_wrapper.log_eval_metrics] Accuracy(layer_3 - estimator_2 - 10_folds.train_cv.predict)=97.20%
[ 2018-04-26 22:58:17,005][kfold_wrapper.log_eval_metrics] Accuracy(layer_3 - estimator_2 - 10_folds.test.predict)=97.55%
[ 2018-04-26 22:58:17,007][cascade_classifier.calc_accuracy] Accuracy(layer_3 - train.classifier_average)=97.33%
[ 2018-04-26 22:58:17,008][cascade_classifier.calc_accuracy] Accuracy(layer_3 - test.classifier_average)=98.16%
[ 2018-04-26 22:58:17,225][cascade_classifier.fit_transform] [layer=4] look_indexs=[0], X_cur_train.shape=(2284, 1561), X_cur_test.shape=(980, 1561)
[ 2018-04-26 22:58:17,906][kfold_wrapper.log_eval_metrics] Accuracy(layer_4 - estimator_0 - 10_folds.train_0.predict)=97.38%
[ 2018-04-26 22:58:19,094][kfold_wrapper.log_eval_metrics] Accuracy(layer_4 - estimator_0 - 10_folds.train_1.predict)=98.25%
[ 2018-04-26 22:58:20,167][kfold_wrapper.log_eval_metrics] Accuracy(layer_4 - estimator_0 - 10_folds.train_2.predict)=97.38%
[ 2018-04-26 22:58:21,230][kfold_wrapper.log_eval_metrics] Accuracy(layer_4 - estimator_0 - 10_folds.train_3.predict)=97.38%
[ 2018-04-26 22:58:22,369][kfold_wrapper.log_eval_metrics] Accuracy(layer_4 - estimator_0 - 10_folds.train_4.predict)=96.93%
[ 2018-04-26 22:58:23,675][kfold_wrapper.log_eval_metrics] Accuracy(layer_4 - estimator_0 - 10_folds.train_5.predict)=97.37%
[ 2018-04-26 22:58:24,779][kfold_wrapper.log_eval_metrics] Accuracy(layer_4 - estimator_0 - 10_folds.train_6.predict)=97.37%
[ 2018-04-26 22:58:25,906][kfold_wrapper.log_eval_metrics] Accuracy(layer_4 - estimator_0 - 10_folds.train_7.predict)=96.05%
[ 2018-04-26 22:58:27,009][kfold_wrapper.log_eval_metrics] Accuracy(layer_4 - estimator_0 - 10_folds.train_8.predict)=97.37%
[ 2018-04-26 22:58:28,105][kfold_wrapper.log_eval_metrics] Accuracy(layer_4 - estimator_0 - 10_folds.train_9.predict)=96.93%
[ 2018-04-26 22:58:28,428][kfold_wrapper.log_eval_metrics] Accuracy(layer_4 - estimator_0 - 10_folds.train_cv.predict)=97.24%
[ 2018-04-26 22:58:28,429][kfold_wrapper.log_eval_metrics] Accuracy(layer_4 - estimator_0 - 10_folds.test.predict)=98.06%
[ 2018-04-26 22:58:29,246][kfold_wrapper.log_eval_metrics] Accuracy(layer_4 - estimator_1 - 10_folds.train_0.predict)=96.94%
[ 2018-04-26 22:58:30,361][kfold_wrapper.log_eval_metrics] Accuracy(layer_4 - estimator_1 - 10_folds.train_1.predict)=97.38%
[ 2018-04-26 22:58:31,455][kfold_wrapper.log_eval_metrics] Accuracy(layer_4 - estimator_1 - 10_folds.train_2.predict)=97.38%
[ 2018-04-26 22:58:32,559][kfold_wrapper.log_eval_metrics] Accuracy(layer_4 - estimator_1 - 10_folds.train_3.predict)=96.07%
[ 2018-04-26 22:58:33,698][kfold_wrapper.log_eval_metrics] Accuracy(layer_4 - estimator_1 - 10_folds.train_4.predict)=96.49%
[ 2018-04-26 22:58:34,784][kfold_wrapper.log_eval_metrics] Accuracy(layer_4 - estimator_1 - 10_folds.train_5.predict)=96.05%
[ 2018-04-26 22:58:35,884][kfold_wrapper.log_eval_metrics] Accuracy(layer_4 - estimator_1 - 10_folds.train_6.predict)=99.12%
[ 2018-04-26 22:58:36,980][kfold_wrapper.log_eval_metrics] Accuracy(layer_4 - estimator_1 - 10_folds.train_7.predict)=98.25%
[ 2018-04-26 22:58:38,096][kfold_wrapper.log_eval_metrics] Accuracy(layer_4 - estimator_1 - 10_folds.train_8.predict)=96.49%
[ 2018-04-26 22:58:39,228][kfold_wrapper.log_eval_metrics] Accuracy(layer_4 - estimator_1 - 10_folds.train_9.predict)=96.49%
[ 2018-04-26 22:58:39,481][kfold_wrapper.log_eval_metrics] Accuracy(layer_4 - estimator_1 - 10_folds.train_cv.predict)=97.07%
[ 2018-04-26 22:58:39,483][kfold_wrapper.log_eval_metrics] Accuracy(layer_4 - estimator_1 - 10_folds.test.predict)=98.16%
[ 2018-04-26 22:58:39,532][kfold_wrapper.log_eval_metrics] Accuracy(layer_4 - estimator_2 - 10_folds.train_0.predict)=95.63%
[ 2018-04-26 22:58:39,579][kfold_wrapper.log_eval_metrics] Accuracy(layer_4 - estimator_2 - 10_folds.train_1.predict)=99.13%
[ 2018-04-26 22:58:39,617][kfold_wrapper.log_eval_metrics] Accuracy(layer_4 - estimator_2 - 10_folds.train_2.predict)=96.51%
[ 2018-04-26 22:58:39,654][kfold_wrapper.log_eval_metrics] Accuracy(layer_4 - estimator_2 - 10_folds.train_3.predict)=96.94%
[ 2018-04-26 22:58:39,686][kfold_wrapper.log_eval_metrics] Accuracy(layer_4 - estimator_2 - 10_folds.train_4.predict)=96.93%
[ 2018-04-26 22:58:39,715][kfold_wrapper.log_eval_metrics] Accuracy(layer_4 - estimator_2 - 10_folds.train_5.predict)=96.93%
[ 2018-04-26 22:58:39,746][kfold_wrapper.log_eval_metrics] Accuracy(layer_4 - estimator_2 - 10_folds.train_6.predict)=97.81%
[ 2018-04-26 22:58:39,777][kfold_wrapper.log_eval_metrics] Accuracy(layer_4 - estimator_2 - 10_folds.train_7.predict)=97.37%
[ 2018-04-26 22:58:39,820][kfold_wrapper.log_eval_metrics] Accuracy(layer_4 - estimator_2 - 10_folds.train_8.predict)=96.93%
[ 2018-04-26 22:58:39,860][kfold_wrapper.log_eval_metrics] Accuracy(layer_4 - estimator_2 - 10_folds.train_9.predict)=97.81%
[ 2018-04-26 22:58:39,863][kfold_wrapper.log_eval_metrics] Accuracy(layer_4 - estimator_2 - 10_folds.train_cv.predict)=97.20%
[ 2018-04-26 22:58:39,864][kfold_wrapper.log_eval_metrics] Accuracy(layer_4 - estimator_2 - 10_folds.test.predict)=98.06%
[ 2018-04-26 22:58:39,865][cascade_classifier.calc_accuracy] Accuracy(layer_4 - train.classifier_average)=97.11%
[ 2018-04-26 22:58:39,866][cascade_classifier.calc_accuracy] Accuracy(layer_4 - test.classifier_average)=98.16%
[ 2018-04-26 22:58:39,888][cascade_classifier.fit_transform] [layer=5] look_indexs=[0], X_cur_train.shape=(2284, 1561), X_cur_test.shape=(980, 1561)
[ 2018-04-26 22:58:40,699][kfold_wrapper.log_eval_metrics] Accuracy(layer_5 - estimator_0 - 10_folds.train_0.predict)=98.25%
[ 2018-04-26 22:58:41,817][kfold_wrapper.log_eval_metrics] Accuracy(layer_5 - estimator_0 - 10_folds.train_1.predict)=97.38%
[ 2018-04-26 22:58:42,869][kfold_wrapper.log_eval_metrics] Accuracy(layer_5 - estimator_0 - 10_folds.train_2.predict)=97.82%
[ 2018-04-26 22:58:44,051][kfold_wrapper.log_eval_metrics] Accuracy(layer_5 - estimator_0 - 10_folds.train_3.predict)=97.38%
[ 2018-04-26 22:58:45,192][kfold_wrapper.log_eval_metrics] Accuracy(layer_5 - estimator_0 - 10_folds.train_4.predict)=97.37%
[ 2018-04-26 22:58:46,302][kfold_wrapper.log_eval_metrics] Accuracy(layer_5 - estimator_0 - 10_folds.train_5.predict)=98.25%
[ 2018-04-26 22:58:47,417][kfold_wrapper.log_eval_metrics] Accuracy(layer_5 - estimator_0 - 10_folds.train_6.predict)=97.37%
[ 2018-04-26 22:58:48,527][kfold_wrapper.log_eval_metrics] Accuracy(layer_5 - estimator_0 - 10_folds.train_7.predict)=96.05%
[ 2018-04-26 22:58:49,727][kfold_wrapper.log_eval_metrics] Accuracy(layer_5 - estimator_0 - 10_folds.train_8.predict)=96.05%
[ 2018-04-26 22:58:50,784][kfold_wrapper.log_eval_metrics] Accuracy(layer_5 - estimator_0 - 10_folds.train_9.predict)=97.81%
[ 2018-04-26 22:58:51,044][kfold_wrapper.log_eval_metrics] Accuracy(layer_5 - estimator_0 - 10_folds.train_cv.predict)=97.37%
[ 2018-04-26 22:58:51,045][kfold_wrapper.log_eval_metrics] Accuracy(layer_5 - estimator_0 - 10_folds.test.predict)=98.06%
[ 2018-04-26 22:58:51,917][kfold_wrapper.log_eval_metrics] Accuracy(layer_5 - estimator_1 - 10_folds.train_0.predict)=96.94%
[ 2018-04-26 22:58:53,010][kfold_wrapper.log_eval_metrics] Accuracy(layer_5 - estimator_1 - 10_folds.train_1.predict)=97.38%
[ 2018-04-26 22:58:54,187][kfold_wrapper.log_eval_metrics] Accuracy(layer_5 - estimator_1 - 10_folds.train_2.predict)=96.94%
[ 2018-04-26 22:58:55,302][kfold_wrapper.log_eval_metrics] Accuracy(layer_5 - estimator_1 - 10_folds.train_3.predict)=97.82%
[ 2018-04-26 22:58:56,400][kfold_wrapper.log_eval_metrics] Accuracy(layer_5 - estimator_1 - 10_folds.train_4.predict)=96.49%
[ 2018-04-26 22:58:57,558][kfold_wrapper.log_eval_metrics] Accuracy(layer_5 - estimator_1 - 10_folds.train_5.predict)=96.49%
[ 2018-04-26 22:58:58,737][kfold_wrapper.log_eval_metrics] Accuracy(layer_5 - estimator_1 - 10_folds.train_6.predict)=97.37%
[ 2018-04-26 22:58:59,853][kfold_wrapper.log_eval_metrics] Accuracy(layer_5 - estimator_1 - 10_folds.train_7.predict)=98.25%
[ 2018-04-26 22:59:00,903][kfold_wrapper.log_eval_metrics] Accuracy(layer_5 - estimator_1 - 10_folds.train_8.predict)=96.93%
[ 2018-04-26 22:59:01,710][kfold_wrapper.log_eval_metrics] Accuracy(layer_5 - estimator_1 - 10_folds.train_9.predict)=97.81%
[ 2018-04-26 22:59:01,832][kfold_wrapper.log_eval_metrics] Accuracy(layer_5 - estimator_1 - 10_folds.train_cv.predict)=97.24%
[ 2018-04-26 22:59:01,833][kfold_wrapper.log_eval_metrics] Accuracy(layer_5 - estimator_1 - 10_folds.test.predict)=97.96%
[ 2018-04-26 22:59:01,865][kfold_wrapper.log_eval_metrics] Accuracy(layer_5 - estimator_2 - 10_folds.train_0.predict)=98.25%
[ 2018-04-26 22:59:01,902][kfold_wrapper.log_eval_metrics] Accuracy(layer_5 - estimator_2 - 10_folds.train_1.predict)=96.94%
[ 2018-04-26 22:59:01,941][kfold_wrapper.log_eval_metrics] Accuracy(layer_5 - estimator_2 - 10_folds.train_2.predict)=96.94%
[ 2018-04-26 22:59:01,978][kfold_wrapper.log_eval_metrics] Accuracy(layer_5 - estimator_2 - 10_folds.train_3.predict)=97.82%
[ 2018-04-26 22:59:02,015][kfold_wrapper.log_eval_metrics] Accuracy(layer_5 - estimator_2 - 10_folds.train_4.predict)=96.93%
[ 2018-04-26 22:59:02,055][kfold_wrapper.log_eval_metrics] Accuracy(layer_5 - estimator_2 - 10_folds.train_5.predict)=98.25%
[ 2018-04-26 22:59:02,094][kfold_wrapper.log_eval_metrics] Accuracy(layer_5 - estimator_2 - 10_folds.train_6.predict)=96.05%
[ 2018-04-26 22:59:02,131][kfold_wrapper.log_eval_metrics] Accuracy(layer_5 - estimator_2 - 10_folds.train_7.predict)=95.61%
[ 2018-04-26 22:59:02,171][kfold_wrapper.log_eval_metrics] Accuracy(layer_5 - estimator_2 - 10_folds.train_8.predict)=96.49%
[ 2018-04-26 22:59:02,210][kfold_wrapper.log_eval_metrics] Accuracy(layer_5 - estimator_2 - 10_folds.train_9.predict)=97.37%
[ 2018-04-26 22:59:02,216][kfold_wrapper.log_eval_metrics] Accuracy(layer_5 - estimator_2 - 10_folds.train_cv.predict)=97.07%
[ 2018-04-26 22:59:02,220][kfold_wrapper.log_eval_metrics] Accuracy(layer_5 - estimator_2 - 10_folds.test.predict)=98.06%
[ 2018-04-26 22:59:02,223][cascade_classifier.calc_accuracy] Accuracy(layer_5 - train.classifier_average)=97.33%
[ 2018-04-26 22:59:02,224][cascade_classifier.calc_accuracy] Accuracy(layer_5 - test.classifier_average)=98.16%
[ 2018-04-26 22:59:02,225][cascade_classifier.fit_transform] [Result][Optimal Level Detected] opt_layer_num=3, accuracy_train=97.55%, accuracy_test=97.86%
[ 2018-04-26 22:59:02,427][cascade_classifier.transform] X_groups_test.shape=[(980, 1555)]
[ 2018-04-26 22:59:02,434][cascade_classifier.transform] group_dims=[1555]
[ 2018-04-26 22:59:02,435][cascade_classifier.transform] X_test.shape=(980, 1555)
[ 2018-04-26 22:59:02,440][cascade_classifier.transform] [layer=0] look_indexs=[0], X_cur_test.shape=(980, 1555)
[ 2018-04-26 22:59:07,259][cascade_classifier.transform] [layer=1] look_indexs=[0], X_cur_test.shape=(980, 1561)
[ 2018-04-26 22:59:12,423][cascade_classifier.transform] [layer=2] look_indexs=[0], X_cur_test.shape=(980, 1561)
