[ 2018-04-26 22:50:59,404][cascade_classifier.fit_transform] X_groups_train.shape=[(1181, 21)],y_train.shape=(1181,),X_groups_test.shape=[(507, 21)],y_test.shape=(507,)
[ 2018-04-26 22:50:59,405][cascade_classifier.fit_transform] group_dims=[21]
[ 2018-04-26 22:50:59,407][cascade_classifier.fit_transform] group_starts=[0]
[ 2018-04-26 22:50:59,408][cascade_classifier.fit_transform] group_ends=[21]
[ 2018-04-26 22:50:59,410][cascade_classifier.fit_transform] X_train.shape=(1181, 21),X_test.shape=(507, 21)
[ 2018-04-26 22:50:59,411][cascade_classifier.fit_transform] [layer=0] look_indexs=[0], X_cur_train.shape=(1181, 21), X_cur_test.shape=(507, 21)
[ 2018-04-26 22:51:00,210][kfold_wrapper.log_eval_metrics] Accuracy(layer_0 - estimator_0 - 10_folds.train_0.predict)=98.32%
[ 2018-04-26 22:51:01,279][kfold_wrapper.log_eval_metrics] Accuracy(layer_0 - estimator_0 - 10_folds.train_1.predict)=98.31%
[ 2018-04-26 22:51:02,245][kfold_wrapper.log_eval_metrics] Accuracy(layer_0 - estimator_0 - 10_folds.train_2.predict)=99.15%
[ 2018-04-26 22:51:03,157][kfold_wrapper.log_eval_metrics] Accuracy(layer_0 - estimator_0 - 10_folds.train_3.predict)=98.31%
[ 2018-04-26 22:51:04,265][kfold_wrapper.log_eval_metrics] Accuracy(layer_0 - estimator_0 - 10_folds.train_4.predict)=99.15%
[ 2018-04-26 22:51:05,392][kfold_wrapper.log_eval_metrics] Accuracy(layer_0 - estimator_0 - 10_folds.train_5.predict)=98.31%
[ 2018-04-26 22:51:06,616][kfold_wrapper.log_eval_metrics] Accuracy(layer_0 - estimator_0 - 10_folds.train_6.predict)=98.31%
[ 2018-04-26 22:51:07,714][kfold_wrapper.log_eval_metrics] Accuracy(layer_0 - estimator_0 - 10_folds.train_7.predict)=98.31%
[ 2018-04-26 22:51:08,823][kfold_wrapper.log_eval_metrics] Accuracy(layer_0 - estimator_0 - 10_folds.train_8.predict)=98.31%
[ 2018-04-26 22:51:09,911][kfold_wrapper.log_eval_metrics] Accuracy(layer_0 - estimator_0 - 10_folds.train_9.predict)=99.15%
[ 2018-04-26 22:51:10,242][kfold_wrapper.log_eval_metrics] Accuracy(layer_0 - estimator_0 - 10_folds.train_cv.predict)=98.56%
[ 2018-04-26 22:51:10,244][kfold_wrapper.log_eval_metrics] Accuracy(layer_0 - estimator_0 - 10_folds.test.predict)=97.44%
[ 2018-04-26 22:51:10,953][kfold_wrapper.log_eval_metrics] Accuracy(layer_0 - estimator_1 - 10_folds.train_0.predict)=98.32%
[ 2018-04-26 22:51:11,930][kfold_wrapper.log_eval_metrics] Accuracy(layer_0 - estimator_1 - 10_folds.train_1.predict)=98.31%
[ 2018-04-26 22:51:12,873][kfold_wrapper.log_eval_metrics] Accuracy(layer_0 - estimator_1 - 10_folds.train_2.predict)=98.31%
[ 2018-04-26 22:51:14,008][kfold_wrapper.log_eval_metrics] Accuracy(layer_0 - estimator_1 - 10_folds.train_3.predict)=98.31%
[ 2018-04-26 22:51:15,069][kfold_wrapper.log_eval_metrics] Accuracy(layer_0 - estimator_1 - 10_folds.train_4.predict)=98.31%
[ 2018-04-26 22:51:16,286][kfold_wrapper.log_eval_metrics] Accuracy(layer_0 - estimator_1 - 10_folds.train_5.predict)=98.31%
[ 2018-04-26 22:51:17,218][kfold_wrapper.log_eval_metrics] Accuracy(layer_0 - estimator_1 - 10_folds.train_6.predict)=98.31%
[ 2018-04-26 22:51:18,255][kfold_wrapper.log_eval_metrics] Accuracy(layer_0 - estimator_1 - 10_folds.train_7.predict)=99.15%
[ 2018-04-26 22:51:19,355][kfold_wrapper.log_eval_metrics] Accuracy(layer_0 - estimator_1 - 10_folds.train_8.predict)=98.31%
[ 2018-04-26 22:51:20,436][kfold_wrapper.log_eval_metrics] Accuracy(layer_0 - estimator_1 - 10_folds.train_9.predict)=98.31%
[ 2018-04-26 22:51:20,692][kfold_wrapper.log_eval_metrics] Accuracy(layer_0 - estimator_1 - 10_folds.train_cv.predict)=98.39%
[ 2018-04-26 22:51:20,694][kfold_wrapper.log_eval_metrics] Accuracy(layer_0 - estimator_1 - 10_folds.test.predict)=97.63%
[ 2018-04-26 22:51:20,772][kfold_wrapper.log_eval_metrics] Accuracy(layer_0 - estimator_2 - 10_folds.train_0.predict)=99.16%
[ 2018-04-26 22:51:20,813][kfold_wrapper.log_eval_metrics] Accuracy(layer_0 - estimator_2 - 10_folds.train_1.predict)=98.31%
[ 2018-04-26 22:51:20,850][kfold_wrapper.log_eval_metrics] Accuracy(layer_0 - estimator_2 - 10_folds.train_2.predict)=98.31%
[ 2018-04-26 22:51:20,879][kfold_wrapper.log_eval_metrics] Accuracy(layer_0 - estimator_2 - 10_folds.train_3.predict)=98.31%
[ 2018-04-26 22:51:20,909][kfold_wrapper.log_eval_metrics] Accuracy(layer_0 - estimator_2 - 10_folds.train_4.predict)=99.15%
[ 2018-04-26 22:51:20,935][kfold_wrapper.log_eval_metrics] Accuracy(layer_0 - estimator_2 - 10_folds.train_5.predict)=98.31%
[ 2018-04-26 22:51:20,964][kfold_wrapper.log_eval_metrics] Accuracy(layer_0 - estimator_2 - 10_folds.train_6.predict)=97.46%
[ 2018-04-26 22:51:20,989][kfold_wrapper.log_eval_metrics] Accuracy(layer_0 - estimator_2 - 10_folds.train_7.predict)=97.46%
[ 2018-04-26 22:51:21,010][kfold_wrapper.log_eval_metrics] Accuracy(layer_0 - estimator_2 - 10_folds.train_8.predict)=98.31%
[ 2018-04-26 22:51:21,033][kfold_wrapper.log_eval_metrics] Accuracy(layer_0 - estimator_2 - 10_folds.train_9.predict)=98.31%
[ 2018-04-26 22:51:21,035][kfold_wrapper.log_eval_metrics] Accuracy(layer_0 - estimator_2 - 10_folds.train_cv.predict)=98.31%
[ 2018-04-26 22:51:21,036][kfold_wrapper.log_eval_metrics] Accuracy(layer_0 - estimator_2 - 10_folds.test.predict)=97.83%
[ 2018-04-26 22:51:21,037][cascade_classifier.calc_accuracy] Accuracy(layer_0 - train.classifier_average)=98.56%
[ 2018-04-26 22:51:21,039][cascade_classifier.calc_accuracy] Accuracy(layer_0 - test.classifier_average)=97.63%
[ 2018-04-26 22:51:21,040][cascade_classifier.fit_transform] [layer=1] look_indexs=[0], X_cur_train.shape=(1181, 27), X_cur_test.shape=(507, 27)
[ 2018-04-26 22:51:21,841][kfold_wrapper.log_eval_metrics] Accuracy(layer_1 - estimator_0 - 10_folds.train_0.predict)=99.16%
[ 2018-04-26 22:51:22,925][kfold_wrapper.log_eval_metrics] Accuracy(layer_1 - estimator_0 - 10_folds.train_1.predict)=99.15%
[ 2018-04-26 22:51:24,102][kfold_wrapper.log_eval_metrics] Accuracy(layer_1 - estimator_0 - 10_folds.train_2.predict)=99.15%
[ 2018-04-26 22:51:25,080][kfold_wrapper.log_eval_metrics] Accuracy(layer_1 - estimator_0 - 10_folds.train_3.predict)=99.15%
[ 2018-04-26 22:51:26,148][kfold_wrapper.log_eval_metrics] Accuracy(layer_1 - estimator_0 - 10_folds.train_4.predict)=98.31%
[ 2018-04-26 22:51:27,218][kfold_wrapper.log_eval_metrics] Accuracy(layer_1 - estimator_0 - 10_folds.train_5.predict)=98.31%
[ 2018-04-26 22:51:28,400][kfold_wrapper.log_eval_metrics] Accuracy(layer_1 - estimator_0 - 10_folds.train_6.predict)=98.31%
[ 2018-04-26 22:51:29,600][kfold_wrapper.log_eval_metrics] Accuracy(layer_1 - estimator_0 - 10_folds.train_7.predict)=98.31%
[ 2018-04-26 22:51:30,734][kfold_wrapper.log_eval_metrics] Accuracy(layer_1 - estimator_0 - 10_folds.train_8.predict)=98.31%
[ 2018-04-26 22:51:31,896][kfold_wrapper.log_eval_metrics] Accuracy(layer_1 - estimator_0 - 10_folds.train_9.predict)=98.31%
[ 2018-04-26 22:51:32,147][kfold_wrapper.log_eval_metrics] Accuracy(layer_1 - estimator_0 - 10_folds.train_cv.predict)=98.65%
[ 2018-04-26 22:51:32,149][kfold_wrapper.log_eval_metrics] Accuracy(layer_1 - estimator_0 - 10_folds.test.predict)=97.63%
[ 2018-04-26 22:51:33,060][kfold_wrapper.log_eval_metrics] Accuracy(layer_1 - estimator_1 - 10_folds.train_0.predict)=99.16%
[ 2018-04-26 22:51:34,294][kfold_wrapper.log_eval_metrics] Accuracy(layer_1 - estimator_1 - 10_folds.train_1.predict)=99.15%
[ 2018-04-26 22:51:35,285][kfold_wrapper.log_eval_metrics] Accuracy(layer_1 - estimator_1 - 10_folds.train_2.predict)=98.31%
[ 2018-04-26 22:51:36,385][kfold_wrapper.log_eval_metrics] Accuracy(layer_1 - estimator_1 - 10_folds.train_3.predict)=99.15%
[ 2018-04-26 22:51:37,325][kfold_wrapper.log_eval_metrics] Accuracy(layer_1 - estimator_1 - 10_folds.train_4.predict)=98.31%
[ 2018-04-26 22:51:38,539][kfold_wrapper.log_eval_metrics] Accuracy(layer_1 - estimator_1 - 10_folds.train_5.predict)=99.15%
[ 2018-04-26 22:51:39,661][kfold_wrapper.log_eval_metrics] Accuracy(layer_1 - estimator_1 - 10_folds.train_6.predict)=99.15%
[ 2018-04-26 22:51:40,705][kfold_wrapper.log_eval_metrics] Accuracy(layer_1 - estimator_1 - 10_folds.train_7.predict)=99.15%
[ 2018-04-26 22:51:41,765][kfold_wrapper.log_eval_metrics] Accuracy(layer_1 - estimator_1 - 10_folds.train_8.predict)=98.31%
[ 2018-04-26 22:51:42,722][kfold_wrapper.log_eval_metrics] Accuracy(layer_1 - estimator_1 - 10_folds.train_9.predict)=98.31%
[ 2018-04-26 22:51:42,983][kfold_wrapper.log_eval_metrics] Accuracy(layer_1 - estimator_1 - 10_folds.train_cv.predict)=98.81%
[ 2018-04-26 22:51:42,985][kfold_wrapper.log_eval_metrics] Accuracy(layer_1 - estimator_1 - 10_folds.test.predict)=97.63%
[ 2018-04-26 22:51:43,040][kfold_wrapper.log_eval_metrics] Accuracy(layer_1 - estimator_2 - 10_folds.train_0.predict)=98.32%
[ 2018-04-26 22:51:43,082][kfold_wrapper.log_eval_metrics] Accuracy(layer_1 - estimator_2 - 10_folds.train_1.predict)=98.31%
[ 2018-04-26 22:51:43,114][kfold_wrapper.log_eval_metrics] Accuracy(layer_1 - estimator_2 - 10_folds.train_2.predict)=98.31%
[ 2018-04-26 22:51:43,146][kfold_wrapper.log_eval_metrics] Accuracy(layer_1 - estimator_2 - 10_folds.train_3.predict)=98.31%
[ 2018-04-26 22:51:43,183][kfold_wrapper.log_eval_metrics] Accuracy(layer_1 - estimator_2 - 10_folds.train_4.predict)=98.31%
[ 2018-04-26 22:51:43,211][kfold_wrapper.log_eval_metrics] Accuracy(layer_1 - estimator_2 - 10_folds.train_5.predict)=98.31%
[ 2018-04-26 22:51:43,243][kfold_wrapper.log_eval_metrics] Accuracy(layer_1 - estimator_2 - 10_folds.train_6.predict)=98.31%
[ 2018-04-26 22:51:43,277][kfold_wrapper.log_eval_metrics] Accuracy(layer_1 - estimator_2 - 10_folds.train_7.predict)=99.15%
[ 2018-04-26 22:51:43,308][kfold_wrapper.log_eval_metrics] Accuracy(layer_1 - estimator_2 - 10_folds.train_8.predict)=99.15%
[ 2018-04-26 22:51:43,337][kfold_wrapper.log_eval_metrics] Accuracy(layer_1 - estimator_2 - 10_folds.train_9.predict)=98.31%
[ 2018-04-26 22:51:43,338][kfold_wrapper.log_eval_metrics] Accuracy(layer_1 - estimator_2 - 10_folds.train_cv.predict)=98.48%
[ 2018-04-26 22:51:43,339][kfold_wrapper.log_eval_metrics] Accuracy(layer_1 - estimator_2 - 10_folds.test.predict)=97.83%
[ 2018-04-26 22:51:43,340][cascade_classifier.calc_accuracy] Accuracy(layer_1 - train.classifier_average)=98.56%
[ 2018-04-26 22:51:43,341][cascade_classifier.calc_accuracy] Accuracy(layer_1 - test.classifier_average)=97.63%
[ 2018-04-26 22:51:43,342][cascade_classifier.fit_transform] [layer=2] look_indexs=[0], X_cur_train.shape=(1181, 27), X_cur_test.shape=(507, 27)
[ 2018-04-26 22:51:44,294][kfold_wrapper.log_eval_metrics] Accuracy(layer_2 - estimator_0 - 10_folds.train_0.predict)=100.00%
[ 2018-04-26 22:51:45,381][kfold_wrapper.log_eval_metrics] Accuracy(layer_2 - estimator_0 - 10_folds.train_1.predict)=98.31%
[ 2018-04-26 22:51:46,491][kfold_wrapper.log_eval_metrics] Accuracy(layer_2 - estimator_0 - 10_folds.train_2.predict)=98.31%
[ 2018-04-26 22:51:47,610][kfold_wrapper.log_eval_metrics] Accuracy(layer_2 - estimator_0 - 10_folds.train_3.predict)=97.46%
[ 2018-04-26 22:51:48,736][kfold_wrapper.log_eval_metrics] Accuracy(layer_2 - estimator_0 - 10_folds.train_4.predict)=99.15%
[ 2018-04-26 22:51:49,735][kfold_wrapper.log_eval_metrics] Accuracy(layer_2 - estimator_0 - 10_folds.train_5.predict)=98.31%
[ 2018-04-26 22:51:50,823][kfold_wrapper.log_eval_metrics] Accuracy(layer_2 - estimator_0 - 10_folds.train_6.predict)=99.15%
[ 2018-04-26 22:51:51,989][kfold_wrapper.log_eval_metrics] Accuracy(layer_2 - estimator_0 - 10_folds.train_7.predict)=98.31%
[ 2018-04-26 22:51:53,101][kfold_wrapper.log_eval_metrics] Accuracy(layer_2 - estimator_0 - 10_folds.train_8.predict)=98.31%
[ 2018-04-26 22:51:54,301][kfold_wrapper.log_eval_metrics] Accuracy(layer_2 - estimator_0 - 10_folds.train_9.predict)=99.15%
[ 2018-04-26 22:51:54,563][kfold_wrapper.log_eval_metrics] Accuracy(layer_2 - estimator_0 - 10_folds.train_cv.predict)=98.65%
[ 2018-04-26 22:51:54,565][kfold_wrapper.log_eval_metrics] Accuracy(layer_2 - estimator_0 - 10_folds.test.predict)=97.63%
[ 2018-04-26 22:51:55,408][kfold_wrapper.log_eval_metrics] Accuracy(layer_2 - estimator_1 - 10_folds.train_0.predict)=97.48%
[ 2018-04-26 22:51:56,350][kfold_wrapper.log_eval_metrics] Accuracy(layer_2 - estimator_1 - 10_folds.train_1.predict)=99.15%
[ 2018-04-26 22:51:57,276][kfold_wrapper.log_eval_metrics] Accuracy(layer_2 - estimator_1 - 10_folds.train_2.predict)=98.31%
[ 2018-04-26 22:51:58,231][kfold_wrapper.log_eval_metrics] Accuracy(layer_2 - estimator_1 - 10_folds.train_3.predict)=99.15%
[ 2018-04-26 22:51:59,139][kfold_wrapper.log_eval_metrics] Accuracy(layer_2 - estimator_1 - 10_folds.train_4.predict)=98.31%
[ 2018-04-26 22:51:59,959][kfold_wrapper.log_eval_metrics] Accuracy(layer_2 - estimator_1 - 10_folds.train_5.predict)=99.15%
[ 2018-04-26 22:52:00,743][kfold_wrapper.log_eval_metrics] Accuracy(layer_2 - estimator_1 - 10_folds.train_6.predict)=99.15%
[ 2018-04-26 22:52:01,697][kfold_wrapper.log_eval_metrics] Accuracy(layer_2 - estimator_1 - 10_folds.train_7.predict)=98.31%
[ 2018-04-26 22:52:02,577][kfold_wrapper.log_eval_metrics] Accuracy(layer_2 - estimator_1 - 10_folds.train_8.predict)=98.31%
[ 2018-04-26 22:52:03,583][kfold_wrapper.log_eval_metrics] Accuracy(layer_2 - estimator_1 - 10_folds.train_9.predict)=99.15%
[ 2018-04-26 22:52:03,841][kfold_wrapper.log_eval_metrics] Accuracy(layer_2 - estimator_1 - 10_folds.train_cv.predict)=98.65%
[ 2018-04-26 22:52:03,843][kfold_wrapper.log_eval_metrics] Accuracy(layer_2 - estimator_1 - 10_folds.test.predict)=97.83%
[ 2018-04-26 22:52:03,902][kfold_wrapper.log_eval_metrics] Accuracy(layer_2 - estimator_2 - 10_folds.train_0.predict)=99.16%
[ 2018-04-26 22:52:03,948][kfold_wrapper.log_eval_metrics] Accuracy(layer_2 - estimator_2 - 10_folds.train_1.predict)=98.31%
[ 2018-04-26 22:52:03,988][kfold_wrapper.log_eval_metrics] Accuracy(layer_2 - estimator_2 - 10_folds.train_2.predict)=98.31%
[ 2018-04-26 22:52:04,026][kfold_wrapper.log_eval_metrics] Accuracy(layer_2 - estimator_2 - 10_folds.train_3.predict)=98.31%
[ 2018-04-26 22:52:04,058][kfold_wrapper.log_eval_metrics] Accuracy(layer_2 - estimator_2 - 10_folds.train_4.predict)=99.15%
[ 2018-04-26 22:52:04,092][kfold_wrapper.log_eval_metrics] Accuracy(layer_2 - estimator_2 - 10_folds.train_5.predict)=98.31%
[ 2018-04-26 22:52:04,121][kfold_wrapper.log_eval_metrics] Accuracy(layer_2 - estimator_2 - 10_folds.train_6.predict)=98.31%
[ 2018-04-26 22:52:04,159][kfold_wrapper.log_eval_metrics] Accuracy(layer_2 - estimator_2 - 10_folds.train_7.predict)=98.31%
[ 2018-04-26 22:52:04,191][kfold_wrapper.log_eval_metrics] Accuracy(layer_2 - estimator_2 - 10_folds.train_8.predict)=98.31%
[ 2018-04-26 22:52:04,225][kfold_wrapper.log_eval_metrics] Accuracy(layer_2 - estimator_2 - 10_folds.train_9.predict)=98.31%
[ 2018-04-26 22:52:04,227][kfold_wrapper.log_eval_metrics] Accuracy(layer_2 - estimator_2 - 10_folds.train_cv.predict)=98.48%
[ 2018-04-26 22:52:04,228][kfold_wrapper.log_eval_metrics] Accuracy(layer_2 - estimator_2 - 10_folds.test.predict)=97.63%
[ 2018-04-26 22:52:04,229][cascade_classifier.calc_accuracy] Accuracy(layer_2 - train.classifier_average)=98.65%
[ 2018-04-26 22:52:04,230][cascade_classifier.calc_accuracy] Accuracy(layer_2 - test.classifier_average)=97.83%
[ 2018-04-26 22:52:04,231][cascade_classifier.fit_transform] [layer=3] look_indexs=[0], X_cur_train.shape=(1181, 27), X_cur_test.shape=(507, 27)
[ 2018-04-26 22:52:05,050][kfold_wrapper.log_eval_metrics] Accuracy(layer_3 - estimator_0 - 10_folds.train_0.predict)=99.16%
[ 2018-04-26 22:52:06,139][kfold_wrapper.log_eval_metrics] Accuracy(layer_3 - estimator_0 - 10_folds.train_1.predict)=99.15%
[ 2018-04-26 22:52:07,392][kfold_wrapper.log_eval_metrics] Accuracy(layer_3 - estimator_0 - 10_folds.train_2.predict)=98.31%
[ 2018-04-26 22:52:08,495][kfold_wrapper.log_eval_metrics] Accuracy(layer_3 - estimator_0 - 10_folds.train_3.predict)=99.15%
[ 2018-04-26 22:52:09,607][kfold_wrapper.log_eval_metrics] Accuracy(layer_3 - estimator_0 - 10_folds.train_4.predict)=98.31%
[ 2018-04-26 22:52:10,718][kfold_wrapper.log_eval_metrics] Accuracy(layer_3 - estimator_0 - 10_folds.train_5.predict)=98.31%
[ 2018-04-26 22:52:11,846][kfold_wrapper.log_eval_metrics] Accuracy(layer_3 - estimator_0 - 10_folds.train_6.predict)=96.61%
[ 2018-04-26 22:52:13,026][kfold_wrapper.log_eval_metrics] Accuracy(layer_3 - estimator_0 - 10_folds.train_7.predict)=98.31%
[ 2018-04-26 22:52:14,098][kfold_wrapper.log_eval_metrics] Accuracy(layer_3 - estimator_0 - 10_folds.train_8.predict)=99.15%
[ 2018-04-26 22:52:15,198][kfold_wrapper.log_eval_metrics] Accuracy(layer_3 - estimator_0 - 10_folds.train_9.predict)=99.15%
[ 2018-04-26 22:52:15,481][kfold_wrapper.log_eval_metrics] Accuracy(layer_3 - estimator_0 - 10_folds.train_cv.predict)=98.56%
[ 2018-04-26 22:52:15,483][kfold_wrapper.log_eval_metrics] Accuracy(layer_3 - estimator_0 - 10_folds.test.predict)=97.83%
[ 2018-04-26 22:52:16,295][kfold_wrapper.log_eval_metrics] Accuracy(layer_3 - estimator_1 - 10_folds.train_0.predict)=99.16%
[ 2018-04-26 22:52:17,195][kfold_wrapper.log_eval_metrics] Accuracy(layer_3 - estimator_1 - 10_folds.train_1.predict)=98.31%
[ 2018-04-26 22:52:18,317][kfold_wrapper.log_eval_metrics] Accuracy(layer_3 - estimator_1 - 10_folds.train_2.predict)=98.31%
[ 2018-04-26 22:52:19,291][kfold_wrapper.log_eval_metrics] Accuracy(layer_3 - estimator_1 - 10_folds.train_3.predict)=99.15%
[ 2018-04-26 22:52:20,252][kfold_wrapper.log_eval_metrics] Accuracy(layer_3 - estimator_1 - 10_folds.train_4.predict)=98.31%
[ 2018-04-26 22:52:21,345][kfold_wrapper.log_eval_metrics] Accuracy(layer_3 - estimator_1 - 10_folds.train_5.predict)=99.15%
[ 2018-04-26 22:52:22,454][kfold_wrapper.log_eval_metrics] Accuracy(layer_3 - estimator_1 - 10_folds.train_6.predict)=98.31%
[ 2018-04-26 22:52:23,438][kfold_wrapper.log_eval_metrics] Accuracy(layer_3 - estimator_1 - 10_folds.train_7.predict)=98.31%
[ 2018-04-26 22:52:24,638][kfold_wrapper.log_eval_metrics] Accuracy(layer_3 - estimator_1 - 10_folds.train_8.predict)=98.31%
[ 2018-04-26 22:52:25,719][kfold_wrapper.log_eval_metrics] Accuracy(layer_3 - estimator_1 - 10_folds.train_9.predict)=99.15%
[ 2018-04-26 22:52:25,974][kfold_wrapper.log_eval_metrics] Accuracy(layer_3 - estimator_1 - 10_folds.train_cv.predict)=98.65%
[ 2018-04-26 22:52:25,975][kfold_wrapper.log_eval_metrics] Accuracy(layer_3 - estimator_1 - 10_folds.test.predict)=97.63%
[ 2018-04-26 22:52:26,037][kfold_wrapper.log_eval_metrics] Accuracy(layer_3 - estimator_2 - 10_folds.train_0.predict)=98.32%
[ 2018-04-26 22:52:26,083][kfold_wrapper.log_eval_metrics] Accuracy(layer_3 - estimator_2 - 10_folds.train_1.predict)=99.15%
[ 2018-04-26 22:52:26,127][kfold_wrapper.log_eval_metrics] Accuracy(layer_3 - estimator_2 - 10_folds.train_2.predict)=98.31%
[ 2018-04-26 22:52:26,161][kfold_wrapper.log_eval_metrics] Accuracy(layer_3 - estimator_2 - 10_folds.train_3.predict)=98.31%
[ 2018-04-26 22:52:26,194][kfold_wrapper.log_eval_metrics] Accuracy(layer_3 - estimator_2 - 10_folds.train_4.predict)=97.46%
[ 2018-04-26 22:52:26,229][kfold_wrapper.log_eval_metrics] Accuracy(layer_3 - estimator_2 - 10_folds.train_5.predict)=98.31%
[ 2018-04-26 22:52:26,263][kfold_wrapper.log_eval_metrics] Accuracy(layer_3 - estimator_2 - 10_folds.train_6.predict)=99.15%
[ 2018-04-26 22:52:26,292][kfold_wrapper.log_eval_metrics] Accuracy(layer_3 - estimator_2 - 10_folds.train_7.predict)=99.15%
[ 2018-04-26 22:52:26,324][kfold_wrapper.log_eval_metrics] Accuracy(layer_3 - estimator_2 - 10_folds.train_8.predict)=97.46%
[ 2018-04-26 22:52:26,358][kfold_wrapper.log_eval_metrics] Accuracy(layer_3 - estimator_2 - 10_folds.train_9.predict)=99.15%
[ 2018-04-26 22:52:26,360][kfold_wrapper.log_eval_metrics] Accuracy(layer_3 - estimator_2 - 10_folds.train_cv.predict)=98.48%
[ 2018-04-26 22:52:26,361][kfold_wrapper.log_eval_metrics] Accuracy(layer_3 - estimator_2 - 10_folds.test.predict)=97.83%
[ 2018-04-26 22:52:26,362][cascade_classifier.calc_accuracy] Accuracy(layer_3 - train.classifier_average)=98.48%
[ 2018-04-26 22:52:26,363][cascade_classifier.calc_accuracy] Accuracy(layer_3 - test.classifier_average)=97.63%
[ 2018-04-26 22:52:26,365][cascade_classifier.fit_transform] [layer=4] look_indexs=[0], X_cur_train.shape=(1181, 27), X_cur_test.shape=(507, 27)
[ 2018-04-26 22:52:27,157][kfold_wrapper.log_eval_metrics] Accuracy(layer_4 - estimator_0 - 10_folds.train_0.predict)=99.16%
[ 2018-04-26 22:52:28,303][kfold_wrapper.log_eval_metrics] Accuracy(layer_4 - estimator_0 - 10_folds.train_1.predict)=99.15%
[ 2018-04-26 22:52:29,346][kfold_wrapper.log_eval_metrics] Accuracy(layer_4 - estimator_0 - 10_folds.train_2.predict)=97.46%
[ 2018-04-26 22:52:30,483][kfold_wrapper.log_eval_metrics] Accuracy(layer_4 - estimator_0 - 10_folds.train_3.predict)=99.15%
[ 2018-04-26 22:52:31,467][kfold_wrapper.log_eval_metrics] Accuracy(layer_4 - estimator_0 - 10_folds.train_4.predict)=99.15%
[ 2018-04-26 22:52:32,551][kfold_wrapper.log_eval_metrics] Accuracy(layer_4 - estimator_0 - 10_folds.train_5.predict)=99.15%
[ 2018-04-26 22:52:33,745][kfold_wrapper.log_eval_metrics] Accuracy(layer_4 - estimator_0 - 10_folds.train_6.predict)=98.31%
[ 2018-04-26 22:52:34,851][kfold_wrapper.log_eval_metrics] Accuracy(layer_4 - estimator_0 - 10_folds.train_7.predict)=97.46%
[ 2018-04-26 22:52:35,918][kfold_wrapper.log_eval_metrics] Accuracy(layer_4 - estimator_0 - 10_folds.train_8.predict)=98.31%
[ 2018-04-26 22:52:36,993][kfold_wrapper.log_eval_metrics] Accuracy(layer_4 - estimator_0 - 10_folds.train_9.predict)=98.31%
[ 2018-04-26 22:52:37,272][kfold_wrapper.log_eval_metrics] Accuracy(layer_4 - estimator_0 - 10_folds.train_cv.predict)=98.56%
[ 2018-04-26 22:52:37,274][kfold_wrapper.log_eval_metrics] Accuracy(layer_4 - estimator_0 - 10_folds.test.predict)=97.63%
[ 2018-04-26 22:52:38,001][kfold_wrapper.log_eval_metrics] Accuracy(layer_4 - estimator_1 - 10_folds.train_0.predict)=98.32%
[ 2018-04-26 22:52:38,982][kfold_wrapper.log_eval_metrics] Accuracy(layer_4 - estimator_1 - 10_folds.train_1.predict)=98.31%
[ 2018-04-26 22:52:40,036][kfold_wrapper.log_eval_metrics] Accuracy(layer_4 - estimator_1 - 10_folds.train_2.predict)=98.31%
[ 2018-04-26 22:52:41,080][kfold_wrapper.log_eval_metrics] Accuracy(layer_4 - estimator_1 - 10_folds.train_3.predict)=98.31%
[ 2018-04-26 22:52:42,150][kfold_wrapper.log_eval_metrics] Accuracy(layer_4 - estimator_1 - 10_folds.train_4.predict)=100.00%
[ 2018-04-26 22:52:43,068][kfold_wrapper.log_eval_metrics] Accuracy(layer_4 - estimator_1 - 10_folds.train_5.predict)=99.15%
[ 2018-04-26 22:52:44,159][kfold_wrapper.log_eval_metrics] Accuracy(layer_4 - estimator_1 - 10_folds.train_6.predict)=97.46%
[ 2018-04-26 22:52:45,266][kfold_wrapper.log_eval_metrics] Accuracy(layer_4 - estimator_1 - 10_folds.train_7.predict)=99.15%
[ 2018-04-26 22:52:46,209][kfold_wrapper.log_eval_metrics] Accuracy(layer_4 - estimator_1 - 10_folds.train_8.predict)=98.31%
[ 2018-04-26 22:52:47,154][kfold_wrapper.log_eval_metrics] Accuracy(layer_4 - estimator_1 - 10_folds.train_9.predict)=99.15%
[ 2018-04-26 22:52:47,418][kfold_wrapper.log_eval_metrics] Accuracy(layer_4 - estimator_1 - 10_folds.train_cv.predict)=98.65%
[ 2018-04-26 22:52:47,419][kfold_wrapper.log_eval_metrics] Accuracy(layer_4 - estimator_1 - 10_folds.test.predict)=97.83%
[ 2018-04-26 22:52:47,474][kfold_wrapper.log_eval_metrics] Accuracy(layer_4 - estimator_2 - 10_folds.train_0.predict)=99.16%
[ 2018-04-26 22:52:47,532][kfold_wrapper.log_eval_metrics] Accuracy(layer_4 - estimator_2 - 10_folds.train_1.predict)=98.31%
[ 2018-04-26 22:52:47,569][kfold_wrapper.log_eval_metrics] Accuracy(layer_4 - estimator_2 - 10_folds.train_2.predict)=98.31%
[ 2018-04-26 22:52:47,612][kfold_wrapper.log_eval_metrics] Accuracy(layer_4 - estimator_2 - 10_folds.train_3.predict)=98.31%
[ 2018-04-26 22:52:47,648][kfold_wrapper.log_eval_metrics] Accuracy(layer_4 - estimator_2 - 10_folds.train_4.predict)=98.31%
[ 2018-04-26 22:52:47,682][kfold_wrapper.log_eval_metrics] Accuracy(layer_4 - estimator_2 - 10_folds.train_5.predict)=98.31%
[ 2018-04-26 22:52:47,715][kfold_wrapper.log_eval_metrics] Accuracy(layer_4 - estimator_2 - 10_folds.train_6.predict)=99.15%
[ 2018-04-26 22:52:47,748][kfold_wrapper.log_eval_metrics] Accuracy(layer_4 - estimator_2 - 10_folds.train_7.predict)=99.15%
[ 2018-04-26 22:52:47,780][kfold_wrapper.log_eval_metrics] Accuracy(layer_4 - estimator_2 - 10_folds.train_8.predict)=97.46%
[ 2018-04-26 22:52:47,822][kfold_wrapper.log_eval_metrics] Accuracy(layer_4 - estimator_2 - 10_folds.train_9.predict)=99.15%
[ 2018-04-26 22:52:47,824][kfold_wrapper.log_eval_metrics] Accuracy(layer_4 - estimator_2 - 10_folds.train_cv.predict)=98.56%
[ 2018-04-26 22:52:47,825][kfold_wrapper.log_eval_metrics] Accuracy(layer_4 - estimator_2 - 10_folds.test.predict)=97.63%
[ 2018-04-26 22:52:47,826][cascade_classifier.calc_accuracy] Accuracy(layer_4 - train.classifier_average)=98.48%
[ 2018-04-26 22:52:47,827][cascade_classifier.calc_accuracy] Accuracy(layer_4 - test.classifier_average)=97.63%
[ 2018-04-26 22:52:47,829][cascade_classifier.fit_transform] [layer=5] look_indexs=[0], X_cur_train.shape=(1181, 27), X_cur_test.shape=(507, 27)
[ 2018-04-26 22:52:48,609][kfold_wrapper.log_eval_metrics] Accuracy(layer_5 - estimator_0 - 10_folds.train_0.predict)=98.32%
[ 2018-04-26 22:52:49,670][kfold_wrapper.log_eval_metrics] Accuracy(layer_5 - estimator_0 - 10_folds.train_1.predict)=99.15%
[ 2018-04-26 22:52:50,900][kfold_wrapper.log_eval_metrics] Accuracy(layer_5 - estimator_0 - 10_folds.train_2.predict)=99.15%
[ 2018-04-26 22:52:51,989][kfold_wrapper.log_eval_metrics] Accuracy(layer_5 - estimator_0 - 10_folds.train_3.predict)=98.31%
[ 2018-04-26 22:52:53,077][kfold_wrapper.log_eval_metrics] Accuracy(layer_5 - estimator_0 - 10_folds.train_4.predict)=98.31%
[ 2018-04-26 22:52:54,147][kfold_wrapper.log_eval_metrics] Accuracy(layer_5 - estimator_0 - 10_folds.train_5.predict)=98.31%
[ 2018-04-26 22:52:55,347][kfold_wrapper.log_eval_metrics] Accuracy(layer_5 - estimator_0 - 10_folds.train_6.predict)=97.46%
[ 2018-04-26 22:52:56,441][kfold_wrapper.log_eval_metrics] Accuracy(layer_5 - estimator_0 - 10_folds.train_7.predict)=98.31%
[ 2018-04-26 22:52:57,536][kfold_wrapper.log_eval_metrics] Accuracy(layer_5 - estimator_0 - 10_folds.train_8.predict)=98.31%
[ 2018-04-26 22:52:58,615][kfold_wrapper.log_eval_metrics] Accuracy(layer_5 - estimator_0 - 10_folds.train_9.predict)=99.15%
[ 2018-04-26 22:52:58,875][kfold_wrapper.log_eval_metrics] Accuracy(layer_5 - estimator_0 - 10_folds.train_cv.predict)=98.48%
[ 2018-04-26 22:52:58,877][kfold_wrapper.log_eval_metrics] Accuracy(layer_5 - estimator_0 - 10_folds.test.predict)=97.63%
[ 2018-04-26 22:52:59,589][kfold_wrapper.log_eval_metrics] Accuracy(layer_5 - estimator_1 - 10_folds.train_0.predict)=98.32%
[ 2018-04-26 22:53:00,557][kfold_wrapper.log_eval_metrics] Accuracy(layer_5 - estimator_1 - 10_folds.train_1.predict)=98.31%
[ 2018-04-26 22:53:01,642][kfold_wrapper.log_eval_metrics] Accuracy(layer_5 - estimator_1 - 10_folds.train_2.predict)=98.31%
[ 2018-04-26 22:53:02,555][kfold_wrapper.log_eval_metrics] Accuracy(layer_5 - estimator_1 - 10_folds.train_3.predict)=97.46%
[ 2018-04-26 22:53:03,445][kfold_wrapper.log_eval_metrics] Accuracy(layer_5 - estimator_1 - 10_folds.train_4.predict)=99.15%
[ 2018-04-26 22:53:04,436][kfold_wrapper.log_eval_metrics] Accuracy(layer_5 - estimator_1 - 10_folds.train_5.predict)=98.31%
[ 2018-04-26 22:53:05,381][kfold_wrapper.log_eval_metrics] Accuracy(layer_5 - estimator_1 - 10_folds.train_6.predict)=98.31%
[ 2018-04-26 22:53:06,460][kfold_wrapper.log_eval_metrics] Accuracy(layer_5 - estimator_1 - 10_folds.train_7.predict)=98.31%
[ 2018-04-26 22:53:07,558][kfold_wrapper.log_eval_metrics] Accuracy(layer_5 - estimator_1 - 10_folds.train_8.predict)=98.31%
[ 2018-04-26 22:53:08,662][kfold_wrapper.log_eval_metrics] Accuracy(layer_5 - estimator_1 - 10_folds.train_9.predict)=99.15%
[ 2018-04-26 22:53:08,898][kfold_wrapper.log_eval_metrics] Accuracy(layer_5 - estimator_1 - 10_folds.train_cv.predict)=98.39%
[ 2018-04-26 22:53:08,900][kfold_wrapper.log_eval_metrics] Accuracy(layer_5 - estimator_1 - 10_folds.test.predict)=97.83%
[ 2018-04-26 22:53:08,956][kfold_wrapper.log_eval_metrics] Accuracy(layer_5 - estimator_2 - 10_folds.train_0.predict)=98.32%
[ 2018-04-26 22:53:08,998][kfold_wrapper.log_eval_metrics] Accuracy(layer_5 - estimator_2 - 10_folds.train_1.predict)=97.46%
[ 2018-04-26 22:53:09,052][kfold_wrapper.log_eval_metrics] Accuracy(layer_5 - estimator_2 - 10_folds.train_2.predict)=99.15%
[ 2018-04-26 22:53:09,102][kfold_wrapper.log_eval_metrics] Accuracy(layer_5 - estimator_2 - 10_folds.train_3.predict)=97.46%
[ 2018-04-26 22:53:09,141][kfold_wrapper.log_eval_metrics] Accuracy(layer_5 - estimator_2 - 10_folds.train_4.predict)=98.31%
[ 2018-04-26 22:53:09,175][kfold_wrapper.log_eval_metrics] Accuracy(layer_5 - estimator_2 - 10_folds.train_5.predict)=98.31%
[ 2018-04-26 22:53:09,211][kfold_wrapper.log_eval_metrics] Accuracy(layer_5 - estimator_2 - 10_folds.train_6.predict)=98.31%
[ 2018-04-26 22:53:09,246][kfold_wrapper.log_eval_metrics] Accuracy(layer_5 - estimator_2 - 10_folds.train_7.predict)=98.31%
[ 2018-04-26 22:53:09,283][kfold_wrapper.log_eval_metrics] Accuracy(layer_5 - estimator_2 - 10_folds.train_8.predict)=98.31%
[ 2018-04-26 22:53:09,320][kfold_wrapper.log_eval_metrics] Accuracy(layer_5 - estimator_2 - 10_folds.train_9.predict)=99.15%
[ 2018-04-26 22:53:09,321][kfold_wrapper.log_eval_metrics] Accuracy(layer_5 - estimator_2 - 10_folds.train_cv.predict)=98.31%
[ 2018-04-26 22:53:09,322][kfold_wrapper.log_eval_metrics] Accuracy(layer_5 - estimator_2 - 10_folds.test.predict)=97.83%
[ 2018-04-26 22:53:09,323][cascade_classifier.calc_accuracy] Accuracy(layer_5 - train.classifier_average)=98.39%
[ 2018-04-26 22:53:09,324][cascade_classifier.calc_accuracy] Accuracy(layer_5 - test.classifier_average)=97.83%
[ 2018-04-26 22:53:09,325][cascade_classifier.fit_transform] [Result][Optimal Level Detected] opt_layer_num=3, accuracy_train=98.65%, accuracy_test=97.83%
[ 2018-04-26 22:53:09,352][cascade_classifier.transform] X_groups_test.shape=[(507, 21)]
[ 2018-04-26 22:53:09,354][cascade_classifier.transform] group_dims=[21]
[ 2018-04-26 22:53:09,355][cascade_classifier.transform] X_test.shape=(507, 21)
[ 2018-04-26 22:53:09,358][cascade_classifier.transform] [layer=0] look_indexs=[0], X_cur_test.shape=(507, 21)
[ 2018-04-26 22:53:14,567][cascade_classifier.transform] [layer=1] look_indexs=[0], X_cur_test.shape=(507, 27)
[ 2018-04-26 22:53:19,698][cascade_classifier.transform] [layer=2] look_indexs=[0], X_cur_test.shape=(507, 27)
